--------------------------------------------------------------
Welcome to the job distributor.
--------------------------------------------------------------
Found 448 commands:
0 /lustre/cosinga/hicc/hiptl/real_space/hiptl.py 0
1 /lustre/cosinga/hicc/hiptl/real_space/hiptl.py 1
2 /lustre/cosinga/hicc/hiptl/real_space/hiptl.py 2
3 /lustre/cosinga/hicc/hiptl/real_space/hiptl.py 3
4 /lustre/cosinga/hicc/hiptl/real_space/hiptl.py 4
5 /lustre/cosinga/hicc/hiptl/real_space/hiptl.py 5
6 /lustre/cosinga/hicc/hiptl/real_space/hiptl.py 6
7 /lustre/cosinga/hicc/hiptl/real_space/hiptl.py 7
8 /lustre/cosinga/hicc/hiptl/real_space/hiptl.py 8
9 /lustre/cosinga/hicc/hiptl/real_space/hiptl.py 9
10 /lustre/cosinga/hicc/hiptl/real_space/hiptl.py 10
11 /lustre/cosinga/hicc/hiptl/real_space/hiptl.py 11
12 /lustre/cosinga/hicc/hiptl/real_space/hiptl.py 12
13 /lustre/cosinga/hicc/hiptl/real_space/hiptl.py 13
14 /lustre/cosinga/hicc/hiptl/real_space/hiptl.py 14
15 /lustre/cosinga/hicc/hiptl/real_space/hiptl.py 15
16 /lustre/cosinga/hicc/hiptl/real_space/hiptl.py 16
17 /lustre/cosinga/hicc/hiptl/real_space/hiptl.py 17
18 /lustre/cosinga/hicc/hiptl/real_space/hiptl.py 18
19 /lustre/cosinga/hicc/hiptl/real_space/hiptl.py 19
20 /lustre/cosinga/hicc/hiptl/real_space/hiptl.py 20
21 /lustre/cosinga/hicc/hiptl/real_space/hiptl.py 21
22 /lustre/cosinga/hicc/hiptl/real_space/hiptl.py 22
23 /lustre/cosinga/hicc/hiptl/real_space/hiptl.py 23
24 /lustre/cosinga/hicc/hiptl/real_space/hiptl.py 24
25 /lustre/cosinga/hicc/hiptl/real_space/hiptl.py 25
26 /lustre/cosinga/hicc/hiptl/real_space/hiptl.py 26
27 /lustre/cosinga/hicc/hiptl/real_space/hiptl.py 27
28 /lustre/cosinga/hicc/hiptl/real_space/hiptl.py 28
29 /lustre/cosinga/hicc/hiptl/real_space/hiptl.py 29
30 /lustre/cosinga/hicc/hiptl/real_space/hiptl.py 30
31 /lustre/cosinga/hicc/hiptl/real_space/hiptl.py 31
32 /lustre/cosinga/hicc/hiptl/real_space/hiptl.py 32
33 /lustre/cosinga/hicc/hiptl/real_space/hiptl.py 33
34 /lustre/cosinga/hicc/hiptl/real_space/hiptl.py 34
35 /lustre/cosinga/hicc/hiptl/real_space/hiptl.py 35
36 /lustre/cosinga/hicc/hiptl/real_space/hiptl.py 36
37 /lustre/cosinga/hicc/hiptl/real_space/hiptl.py 37
38 /lustre/cosinga/hicc/hiptl/real_space/hiptl.py 38
39 /lustre/cosinga/hicc/hiptl/real_space/hiptl.py 39
40 /lustre/cosinga/hicc/hiptl/real_space/hiptl.py 40
41 /lustre/cosinga/hicc/hiptl/real_space/hiptl.py 41
42 /lustre/cosinga/hicc/hiptl/real_space/hiptl.py 42
43 /lustre/cosinga/hicc/hiptl/real_space/hiptl.py 43
44 /lustre/cosinga/hicc/hiptl/real_space/hiptl.py 44
45 /lustre/cosinga/hicc/hiptl/real_space/hiptl.py 45
46 /lustre/cosinga/hicc/hiptl/real_space/hiptl.py 46
47 /lustre/cosinga/hicc/hiptl/real_space/hiptl.py 47
48 /lustre/cosinga/hicc/hiptl/real_space/hiptl.py 48
49 /lustre/cosinga/hicc/hiptl/real_space/hiptl.py 49
50 /lustre/cosinga/hicc/hiptl/real_space/hiptl.py 50
51 /lustre/cosinga/hicc/hiptl/real_space/hiptl.py 51
52 /lustre/cosinga/hicc/hiptl/real_space/hiptl.py 52
53 /lustre/cosinga/hicc/hiptl/real_space/hiptl.py 53
54 /lustre/cosinga/hicc/hiptl/real_space/hiptl.py 54
55 /lustre/cosinga/hicc/hiptl/real_space/hiptl.py 55
56 /lustre/cosinga/hicc/hiptl/real_space/hiptl.py 56
57 /lustre/cosinga/hicc/hiptl/real_space/hiptl.py 57
58 /lustre/cosinga/hicc/hiptl/real_space/hiptl.py 58
59 /lustre/cosinga/hicc/hiptl/real_space/hiptl.py 59
60 /lustre/cosinga/hicc/hiptl/real_space/hiptl.py 60
61 /lustre/cosinga/hicc/hiptl/real_space/hiptl.py 61
62 /lustre/cosinga/hicc/hiptl/real_space/hiptl.py 62
63 /lustre/cosinga/hicc/hiptl/real_space/hiptl.py 63
64 /lustre/cosinga/hicc/hiptl/real_space/hiptl.py 64
65 /lustre/cosinga/hicc/hiptl/real_space/hiptl.py 65
66 /lustre/cosinga/hicc/hiptl/real_space/hiptl.py 66
67 /lustre/cosinga/hicc/hiptl/real_space/hiptl.py 67
68 /lustre/cosinga/hicc/hiptl/real_space/hiptl.py 68
69 /lustre/cosinga/hicc/hiptl/real_space/hiptl.py 69
70 /lustre/cosinga/hicc/hiptl/real_space/hiptl.py 70
71 /lustre/cosinga/hicc/hiptl/real_space/hiptl.py 71
72 /lustre/cosinga/hicc/hiptl/real_space/hiptl.py 72
73 /lustre/cosinga/hicc/hiptl/real_space/hiptl.py 73
74 /lustre/cosinga/hicc/hiptl/real_space/hiptl.py 74
75 /lustre/cosinga/hicc/hiptl/real_space/hiptl.py 75
76 /lustre/cosinga/hicc/hiptl/real_space/hiptl.py 76
77 /lustre/cosinga/hicc/hiptl/real_space/hiptl.py 77
78 /lustre/cosinga/hicc/hiptl/real_space/hiptl.py 78
79 /lustre/cosinga/hicc/hiptl/real_space/hiptl.py 79
80 /lustre/cosinga/hicc/hiptl/real_space/hiptl.py 80
81 /lustre/cosinga/hicc/hiptl/real_space/hiptl.py 81
82 /lustre/cosinga/hicc/hiptl/real_space/hiptl.py 82
83 /lustre/cosinga/hicc/hiptl/real_space/hiptl.py 83
84 /lustre/cosinga/hicc/hiptl/real_space/hiptl.py 84
85 /lustre/cosinga/hicc/hiptl/real_space/hiptl.py 85
86 /lustre/cosinga/hicc/hiptl/real_space/hiptl.py 86
87 /lustre/cosinga/hicc/hiptl/real_space/hiptl.py 87
88 /lustre/cosinga/hicc/hiptl/real_space/hiptl.py 88
89 /lustre/cosinga/hicc/hiptl/real_space/hiptl.py 89
90 /lustre/cosinga/hicc/hiptl/real_space/hiptl.py 90
91 /lustre/cosinga/hicc/hiptl/real_space/hiptl.py 91
92 /lustre/cosinga/hicc/hiptl/real_space/hiptl.py 92
93 /lustre/cosinga/hicc/hiptl/real_space/hiptl.py 93
94 /lustre/cosinga/hicc/hiptl/real_space/hiptl.py 94
95 /lustre/cosinga/hicc/hiptl/real_space/hiptl.py 95
96 /lustre/cosinga/hicc/hiptl/real_space/hiptl.py 96
97 /lustre/cosinga/hicc/hiptl/real_space/hiptl.py 97
98 /lustre/cosinga/hicc/hiptl/real_space/hiptl.py 98
99 /lustre/cosinga/hicc/hiptl/real_space/hiptl.py 99
100 /lustre/cosinga/hicc/hiptl/real_space/hiptl.py 100
101 /lustre/cosinga/hicc/hiptl/real_space/hiptl.py 101
102 /lustre/cosinga/hicc/hiptl/real_space/hiptl.py 102
103 /lustre/cosinga/hicc/hiptl/real_space/hiptl.py 103
104 /lustre/cosinga/hicc/hiptl/real_space/hiptl.py 104
105 /lustre/cosinga/hicc/hiptl/real_space/hiptl.py 105
106 /lustre/cosinga/hicc/hiptl/real_space/hiptl.py 106
107 /lustre/cosinga/hicc/hiptl/real_space/hiptl.py 107
108 /lustre/cosinga/hicc/hiptl/real_space/hiptl.py 108
109 /lustre/cosinga/hicc/hiptl/real_space/hiptl.py 109
110 /lustre/cosinga/hicc/hiptl/real_space/hiptl.py 110
111 /lustre/cosinga/hicc/hiptl/real_space/hiptl.py 111
112 /lustre/cosinga/hicc/hiptl/real_space/hiptl.py 112
113 /lustre/cosinga/hicc/hiptl/real_space/hiptl.py 113
114 /lustre/cosinga/hicc/hiptl/real_space/hiptl.py 114
115 /lustre/cosinga/hicc/hiptl/real_space/hiptl.py 115
116 /lustre/cosinga/hicc/hiptl/real_space/hiptl.py 116
117 /lustre/cosinga/hicc/hiptl/real_space/hiptl.py 117
118 /lustre/cosinga/hicc/hiptl/real_space/hiptl.py 118
119 /lustre/cosinga/hicc/hiptl/real_space/hiptl.py 119
120 /lustre/cosinga/hicc/hiptl/real_space/hiptl.py 120
121 /lustre/cosinga/hicc/hiptl/real_space/hiptl.py 121
122 /lustre/cosinga/hicc/hiptl/real_space/hiptl.py 122
123 /lustre/cosinga/hicc/hiptl/real_space/hiptl.py 123
124 /lustre/cosinga/hicc/hiptl/real_space/hiptl.py 124
125 /lustre/cosinga/hicc/hiptl/real_space/hiptl.py 125
126 /lustre/cosinga/hicc/hiptl/real_space/hiptl.py 126
127 /lustre/cosinga/hicc/hiptl/real_space/hiptl.py 127
128 /lustre/cosinga/hicc/hiptl/real_space/hiptl.py 128
129 /lustre/cosinga/hicc/hiptl/real_space/hiptl.py 129
130 /lustre/cosinga/hicc/hiptl/real_space/hiptl.py 130
131 /lustre/cosinga/hicc/hiptl/real_space/hiptl.py 131
132 /lustre/cosinga/hicc/hiptl/real_space/hiptl.py 132
133 /lustre/cosinga/hicc/hiptl/real_space/hiptl.py 133
134 /lustre/cosinga/hicc/hiptl/real_space/hiptl.py 134
135 /lustre/cosinga/hicc/hiptl/real_space/hiptl.py 135
136 /lustre/cosinga/hicc/hiptl/real_space/hiptl.py 136
137 /lustre/cosinga/hicc/hiptl/real_space/hiptl.py 137
138 /lustre/cosinga/hicc/hiptl/real_space/hiptl.py 138
139 /lustre/cosinga/hicc/hiptl/real_space/hiptl.py 139
140 /lustre/cosinga/hicc/hiptl/real_space/hiptl.py 140
141 /lustre/cosinga/hicc/hiptl/real_space/hiptl.py 141
142 /lustre/cosinga/hicc/hiptl/real_space/hiptl.py 142
143 /lustre/cosinga/hicc/hiptl/real_space/hiptl.py 143
144 /lustre/cosinga/hicc/hiptl/real_space/hiptl.py 144
145 /lustre/cosinga/hicc/hiptl/real_space/hiptl.py 145
146 /lustre/cosinga/hicc/hiptl/real_space/hiptl.py 146
147 /lustre/cosinga/hicc/hiptl/real_space/hiptl.py 147
148 /lustre/cosinga/hicc/hiptl/real_space/hiptl.py 148
149 /lustre/cosinga/hicc/hiptl/real_space/hiptl.py 149
150 /lustre/cosinga/hicc/hiptl/real_space/hiptl.py 150
151 /lustre/cosinga/hicc/hiptl/real_space/hiptl.py 151
152 /lustre/cosinga/hicc/hiptl/real_space/hiptl.py 152
153 /lustre/cosinga/hicc/hiptl/real_space/hiptl.py 153
154 /lustre/cosinga/hicc/hiptl/real_space/hiptl.py 154
155 /lustre/cosinga/hicc/hiptl/real_space/hiptl.py 155
156 /lustre/cosinga/hicc/hiptl/real_space/hiptl.py 156
157 /lustre/cosinga/hicc/hiptl/real_space/hiptl.py 157
158 /lustre/cosinga/hicc/hiptl/real_space/hiptl.py 158
159 /lustre/cosinga/hicc/hiptl/real_space/hiptl.py 159
160 /lustre/cosinga/hicc/hiptl/real_space/hiptl.py 160
161 /lustre/cosinga/hicc/hiptl/real_space/hiptl.py 161
162 /lustre/cosinga/hicc/hiptl/real_space/hiptl.py 162
163 /lustre/cosinga/hicc/hiptl/real_space/hiptl.py 163
164 /lustre/cosinga/hicc/hiptl/real_space/hiptl.py 164
165 /lustre/cosinga/hicc/hiptl/real_space/hiptl.py 165
166 /lustre/cosinga/hicc/hiptl/real_space/hiptl.py 166
167 /lustre/cosinga/hicc/hiptl/real_space/hiptl.py 167
168 /lustre/cosinga/hicc/hiptl/real_space/hiptl.py 168
169 /lustre/cosinga/hicc/hiptl/real_space/hiptl.py 169
170 /lustre/cosinga/hicc/hiptl/real_space/hiptl.py 170
171 /lustre/cosinga/hicc/hiptl/real_space/hiptl.py 171
172 /lustre/cosinga/hicc/hiptl/real_space/hiptl.py 172
173 /lustre/cosinga/hicc/hiptl/real_space/hiptl.py 173
174 /lustre/cosinga/hicc/hiptl/real_space/hiptl.py 174
175 /lustre/cosinga/hicc/hiptl/real_space/hiptl.py 175
176 /lustre/cosinga/hicc/hiptl/real_space/hiptl.py 176
177 /lustre/cosinga/hicc/hiptl/real_space/hiptl.py 177
178 /lustre/cosinga/hicc/hiptl/real_space/hiptl.py 178
179 /lustre/cosinga/hicc/hiptl/real_space/hiptl.py 179
180 /lustre/cosinga/hicc/hiptl/real_space/hiptl.py 180
181 /lustre/cosinga/hicc/hiptl/real_space/hiptl.py 181
182 /lustre/cosinga/hicc/hiptl/real_space/hiptl.py 182
183 /lustre/cosinga/hicc/hiptl/real_space/hiptl.py 183
184 /lustre/cosinga/hicc/hiptl/real_space/hiptl.py 184
185 /lustre/cosinga/hicc/hiptl/real_space/hiptl.py 185
186 /lustre/cosinga/hicc/hiptl/real_space/hiptl.py 186
187 /lustre/cosinga/hicc/hiptl/real_space/hiptl.py 187
188 /lustre/cosinga/hicc/hiptl/real_space/hiptl.py 188
189 /lustre/cosinga/hicc/hiptl/real_space/hiptl.py 189
190 /lustre/cosinga/hicc/hiptl/real_space/hiptl.py 190
191 /lustre/cosinga/hicc/hiptl/real_space/hiptl.py 191
192 /lustre/cosinga/hicc/hiptl/real_space/hiptl.py 192
193 /lustre/cosinga/hicc/hiptl/real_space/hiptl.py 193
194 /lustre/cosinga/hicc/hiptl/real_space/hiptl.py 194
195 /lustre/cosinga/hicc/hiptl/real_space/hiptl.py 195
196 /lustre/cosinga/hicc/hiptl/real_space/hiptl.py 196
197 /lustre/cosinga/hicc/hiptl/real_space/hiptl.py 197
198 /lustre/cosinga/hicc/hiptl/real_space/hiptl.py 198
199 /lustre/cosinga/hicc/hiptl/real_space/hiptl.py 199
200 /lustre/cosinga/hicc/hiptl/real_space/hiptl.py 200
201 /lustre/cosinga/hicc/hiptl/real_space/hiptl.py 201
202 /lustre/cosinga/hicc/hiptl/real_space/hiptl.py 202
203 /lustre/cosinga/hicc/hiptl/real_space/hiptl.py 203
204 /lustre/cosinga/hicc/hiptl/real_space/hiptl.py 204
205 /lustre/cosinga/hicc/hiptl/real_space/hiptl.py 205
206 /lustre/cosinga/hicc/hiptl/real_space/hiptl.py 206
207 /lustre/cosinga/hicc/hiptl/real_space/hiptl.py 207
208 /lustre/cosinga/hicc/hiptl/real_space/hiptl.py 208
209 /lustre/cosinga/hicc/hiptl/real_space/hiptl.py 209
210 /lustre/cosinga/hicc/hiptl/real_space/hiptl.py 210
211 /lustre/cosinga/hicc/hiptl/real_space/hiptl.py 211
212 /lustre/cosinga/hicc/hiptl/real_space/hiptl.py 212
213 /lustre/cosinga/hicc/hiptl/real_space/hiptl.py 213
214 /lustre/cosinga/hicc/hiptl/real_space/hiptl.py 214
215 /lustre/cosinga/hicc/hiptl/real_space/hiptl.py 215
216 /lustre/cosinga/hicc/hiptl/real_space/hiptl.py 216
217 /lustre/cosinga/hicc/hiptl/real_space/hiptl.py 217
218 /lustre/cosinga/hicc/hiptl/real_space/hiptl.py 218
219 /lustre/cosinga/hicc/hiptl/real_space/hiptl.py 219
220 /lustre/cosinga/hicc/hiptl/real_space/hiptl.py 220
221 /lustre/cosinga/hicc/hiptl/real_space/hiptl.py 221
222 /lustre/cosinga/hicc/hiptl/real_space/hiptl.py 222
223 /lustre/cosinga/hicc/hiptl/real_space/hiptl.py 223
224 /lustre/cosinga/hicc/hiptl/real_space/hiptl.py 224
225 /lustre/cosinga/hicc/hiptl/real_space/hiptl.py 225
226 /lustre/cosinga/hicc/hiptl/real_space/hiptl.py 226
227 /lustre/cosinga/hicc/hiptl/real_space/hiptl.py 227
228 /lustre/cosinga/hicc/hiptl/real_space/hiptl.py 228
229 /lustre/cosinga/hicc/hiptl/real_space/hiptl.py 229
230 /lustre/cosinga/hicc/hiptl/real_space/hiptl.py 230
231 /lustre/cosinga/hicc/hiptl/real_space/hiptl.py 231
232 /lustre/cosinga/hicc/hiptl/real_space/hiptl.py 232
233 /lustre/cosinga/hicc/hiptl/real_space/hiptl.py 233
234 /lustre/cosinga/hicc/hiptl/real_space/hiptl.py 234
235 /lustre/cosinga/hicc/hiptl/real_space/hiptl.py 235
236 /lustre/cosinga/hicc/hiptl/real_space/hiptl.py 236
237 /lustre/cosinga/hicc/hiptl/real_space/hiptl.py 237
238 /lustre/cosinga/hicc/hiptl/real_space/hiptl.py 238
239 /lustre/cosinga/hicc/hiptl/real_space/hiptl.py 239
240 /lustre/cosinga/hicc/hiptl/real_space/hiptl.py 240
241 /lustre/cosinga/hicc/hiptl/real_space/hiptl.py 241
242 /lustre/cosinga/hicc/hiptl/real_space/hiptl.py 242
243 /lustre/cosinga/hicc/hiptl/real_space/hiptl.py 243
244 /lustre/cosinga/hicc/hiptl/real_space/hiptl.py 244
245 /lustre/cosinga/hicc/hiptl/real_space/hiptl.py 245
246 /lustre/cosinga/hicc/hiptl/real_space/hiptl.py 246
247 /lustre/cosinga/hicc/hiptl/real_space/hiptl.py 247
248 /lustre/cosinga/hicc/hiptl/real_space/hiptl.py 248
249 /lustre/cosinga/hicc/hiptl/real_space/hiptl.py 249
250 /lustre/cosinga/hicc/hiptl/real_space/hiptl.py 250
251 /lustre/cosinga/hicc/hiptl/real_space/hiptl.py 251
252 /lustre/cosinga/hicc/hiptl/real_space/hiptl.py 252
253 /lustre/cosinga/hicc/hiptl/real_space/hiptl.py 253
254 /lustre/cosinga/hicc/hiptl/real_space/hiptl.py 254
255 /lustre/cosinga/hicc/hiptl/real_space/hiptl.py 255
256 /lustre/cosinga/hicc/hiptl/real_space/hiptl.py 256
257 /lustre/cosinga/hicc/hiptl/real_space/hiptl.py 257
258 /lustre/cosinga/hicc/hiptl/real_space/hiptl.py 258
259 /lustre/cosinga/hicc/hiptl/real_space/hiptl.py 259
260 /lustre/cosinga/hicc/hiptl/real_space/hiptl.py 260
261 /lustre/cosinga/hicc/hiptl/real_space/hiptl.py 261
262 /lustre/cosinga/hicc/hiptl/real_space/hiptl.py 262
263 /lustre/cosinga/hicc/hiptl/real_space/hiptl.py 263
264 /lustre/cosinga/hicc/hiptl/real_space/hiptl.py 264
265 /lustre/cosinga/hicc/hiptl/real_space/hiptl.py 265
266 /lustre/cosinga/hicc/hiptl/real_space/hiptl.py 266
267 /lustre/cosinga/hicc/hiptl/real_space/hiptl.py 267
268 /lustre/cosinga/hicc/hiptl/real_space/hiptl.py 268
269 /lustre/cosinga/hicc/hiptl/real_space/hiptl.py 269
270 /lustre/cosinga/hicc/hiptl/real_space/hiptl.py 270
271 /lustre/cosinga/hicc/hiptl/real_space/hiptl.py 271
272 /lustre/cosinga/hicc/hiptl/real_space/hiptl.py 272
273 /lustre/cosinga/hicc/hiptl/real_space/hiptl.py 273
274 /lustre/cosinga/hicc/hiptl/real_space/hiptl.py 274
275 /lustre/cosinga/hicc/hiptl/real_space/hiptl.py 275
276 /lustre/cosinga/hicc/hiptl/real_space/hiptl.py 276
277 /lustre/cosinga/hicc/hiptl/real_space/hiptl.py 277
278 /lustre/cosinga/hicc/hiptl/real_space/hiptl.py 278
279 /lustre/cosinga/hicc/hiptl/real_space/hiptl.py 279
280 /lustre/cosinga/hicc/hiptl/real_space/hiptl.py 280
281 /lustre/cosinga/hicc/hiptl/real_space/hiptl.py 281
282 /lustre/cosinga/hicc/hiptl/real_space/hiptl.py 282
283 /lustre/cosinga/hicc/hiptl/real_space/hiptl.py 283
284 /lustre/cosinga/hicc/hiptl/real_space/hiptl.py 284
285 /lustre/cosinga/hicc/hiptl/real_space/hiptl.py 285
286 /lustre/cosinga/hicc/hiptl/real_space/hiptl.py 286
287 /lustre/cosinga/hicc/hiptl/real_space/hiptl.py 287
288 /lustre/cosinga/hicc/hiptl/real_space/hiptl.py 288
289 /lustre/cosinga/hicc/hiptl/real_space/hiptl.py 289
290 /lustre/cosinga/hicc/hiptl/real_space/hiptl.py 290
291 /lustre/cosinga/hicc/hiptl/real_space/hiptl.py 291
292 /lustre/cosinga/hicc/hiptl/real_space/hiptl.py 292
293 /lustre/cosinga/hicc/hiptl/real_space/hiptl.py 293
294 /lustre/cosinga/hicc/hiptl/real_space/hiptl.py 294
295 /lustre/cosinga/hicc/hiptl/real_space/hiptl.py 295
296 /lustre/cosinga/hicc/hiptl/real_space/hiptl.py 296
297 /lustre/cosinga/hicc/hiptl/real_space/hiptl.py 297
298 /lustre/cosinga/hicc/hiptl/real_space/hiptl.py 298
299 /lustre/cosinga/hicc/hiptl/real_space/hiptl.py 299
300 /lustre/cosinga/hicc/hiptl/real_space/hiptl.py 300
301 /lustre/cosinga/hicc/hiptl/real_space/hiptl.py 301
302 /lustre/cosinga/hicc/hiptl/real_space/hiptl.py 302
303 /lustre/cosinga/hicc/hiptl/real_space/hiptl.py 303
304 /lustre/cosinga/hicc/hiptl/real_space/hiptl.py 304
305 /lustre/cosinga/hicc/hiptl/real_space/hiptl.py 305
306 /lustre/cosinga/hicc/hiptl/real_space/hiptl.py 306
307 /lustre/cosinga/hicc/hiptl/real_space/hiptl.py 307
308 /lustre/cosinga/hicc/hiptl/real_space/hiptl.py 308
309 /lustre/cosinga/hicc/hiptl/real_space/hiptl.py 309
310 /lustre/cosinga/hicc/hiptl/real_space/hiptl.py 310
311 /lustre/cosinga/hicc/hiptl/real_space/hiptl.py 311
312 /lustre/cosinga/hicc/hiptl/real_space/hiptl.py 312
313 /lustre/cosinga/hicc/hiptl/real_space/hiptl.py 313
314 /lustre/cosinga/hicc/hiptl/real_space/hiptl.py 314
315 /lustre/cosinga/hicc/hiptl/real_space/hiptl.py 315
316 /lustre/cosinga/hicc/hiptl/real_space/hiptl.py 316
317 /lustre/cosinga/hicc/hiptl/real_space/hiptl.py 317
318 /lustre/cosinga/hicc/hiptl/real_space/hiptl.py 318
319 /lustre/cosinga/hicc/hiptl/real_space/hiptl.py 319
320 /lustre/cosinga/hicc/hiptl/real_space/hiptl.py 320
321 /lustre/cosinga/hicc/hiptl/real_space/hiptl.py 321
322 /lustre/cosinga/hicc/hiptl/real_space/hiptl.py 322
323 /lustre/cosinga/hicc/hiptl/real_space/hiptl.py 323
324 /lustre/cosinga/hicc/hiptl/real_space/hiptl.py 324
325 /lustre/cosinga/hicc/hiptl/real_space/hiptl.py 325
326 /lustre/cosinga/hicc/hiptl/real_space/hiptl.py 326
327 /lustre/cosinga/hicc/hiptl/real_space/hiptl.py 327
328 /lustre/cosinga/hicc/hiptl/real_space/hiptl.py 328
329 /lustre/cosinga/hicc/hiptl/real_space/hiptl.py 329
330 /lustre/cosinga/hicc/hiptl/real_space/hiptl.py 330
331 /lustre/cosinga/hicc/hiptl/real_space/hiptl.py 331
332 /lustre/cosinga/hicc/hiptl/real_space/hiptl.py 332
333 /lustre/cosinga/hicc/hiptl/real_space/hiptl.py 333
334 /lustre/cosinga/hicc/hiptl/real_space/hiptl.py 334
335 /lustre/cosinga/hicc/hiptl/real_space/hiptl.py 335
336 /lustre/cosinga/hicc/hiptl/real_space/hiptl.py 336
337 /lustre/cosinga/hicc/hiptl/real_space/hiptl.py 337
338 /lustre/cosinga/hicc/hiptl/real_space/hiptl.py 338
339 /lustre/cosinga/hicc/hiptl/real_space/hiptl.py 339
340 /lustre/cosinga/hicc/hiptl/real_space/hiptl.py 340
341 /lustre/cosinga/hicc/hiptl/real_space/hiptl.py 341
342 /lustre/cosinga/hicc/hiptl/real_space/hiptl.py 342
343 /lustre/cosinga/hicc/hiptl/real_space/hiptl.py 343
344 /lustre/cosinga/hicc/hiptl/real_space/hiptl.py 344
345 /lustre/cosinga/hicc/hiptl/real_space/hiptl.py 345
346 /lustre/cosinga/hicc/hiptl/real_space/hiptl.py 346
347 /lustre/cosinga/hicc/hiptl/real_space/hiptl.py 347
348 /lustre/cosinga/hicc/hiptl/real_space/hiptl.py 348
349 /lustre/cosinga/hicc/hiptl/real_space/hiptl.py 349
350 /lustre/cosinga/hicc/hiptl/real_space/hiptl.py 350
351 /lustre/cosinga/hicc/hiptl/real_space/hiptl.py 351
352 /lustre/cosinga/hicc/hiptl/real_space/hiptl.py 352
353 /lustre/cosinga/hicc/hiptl/real_space/hiptl.py 353
354 /lustre/cosinga/hicc/hiptl/real_space/hiptl.py 354
355 /lustre/cosinga/hicc/hiptl/real_space/hiptl.py 355
356 /lustre/cosinga/hicc/hiptl/real_space/hiptl.py 356
357 /lustre/cosinga/hicc/hiptl/real_space/hiptl.py 357
358 /lustre/cosinga/hicc/hiptl/real_space/hiptl.py 358
359 /lustre/cosinga/hicc/hiptl/real_space/hiptl.py 359
360 /lustre/cosinga/hicc/hiptl/real_space/hiptl.py 360
361 /lustre/cosinga/hicc/hiptl/real_space/hiptl.py 361
362 /lustre/cosinga/hicc/hiptl/real_space/hiptl.py 362
363 /lustre/cosinga/hicc/hiptl/real_space/hiptl.py 363
364 /lustre/cosinga/hicc/hiptl/real_space/hiptl.py 364
365 /lustre/cosinga/hicc/hiptl/real_space/hiptl.py 365
366 /lustre/cosinga/hicc/hiptl/real_space/hiptl.py 366
367 /lustre/cosinga/hicc/hiptl/real_space/hiptl.py 367
368 /lustre/cosinga/hicc/hiptl/real_space/hiptl.py 368
369 /lustre/cosinga/hicc/hiptl/real_space/hiptl.py 369
370 /lustre/cosinga/hicc/hiptl/real_space/hiptl.py 370
371 /lustre/cosinga/hicc/hiptl/real_space/hiptl.py 371
372 /lustre/cosinga/hicc/hiptl/real_space/hiptl.py 372
373 /lustre/cosinga/hicc/hiptl/real_space/hiptl.py 373
374 /lustre/cosinga/hicc/hiptl/real_space/hiptl.py 374
375 /lustre/cosinga/hicc/hiptl/real_space/hiptl.py 375
376 /lustre/cosinga/hicc/hiptl/real_space/hiptl.py 376
377 /lustre/cosinga/hicc/hiptl/real_space/hiptl.py 377
378 /lustre/cosinga/hicc/hiptl/real_space/hiptl.py 378
379 /lustre/cosinga/hicc/hiptl/real_space/hiptl.py 379
380 /lustre/cosinga/hicc/hiptl/real_space/hiptl.py 380
381 /lustre/cosinga/hicc/hiptl/real_space/hiptl.py 381
382 /lustre/cosinga/hicc/hiptl/real_space/hiptl.py 382
383 /lustre/cosinga/hicc/hiptl/real_space/hiptl.py 383
384 /lustre/cosinga/hicc/hiptl/real_space/hiptl.py 384
385 /lustre/cosinga/hicc/hiptl/real_space/hiptl.py 385
386 /lustre/cosinga/hicc/hiptl/real_space/hiptl.py 386
387 /lustre/cosinga/hicc/hiptl/real_space/hiptl.py 387
388 /lustre/cosinga/hicc/hiptl/real_space/hiptl.py 388
389 /lustre/cosinga/hicc/hiptl/real_space/hiptl.py 389
390 /lustre/cosinga/hicc/hiptl/real_space/hiptl.py 390
391 /lustre/cosinga/hicc/hiptl/real_space/hiptl.py 391
392 /lustre/cosinga/hicc/hiptl/real_space/hiptl.py 392
393 /lustre/cosinga/hicc/hiptl/real_space/hiptl.py 393
394 /lustre/cosinga/hicc/hiptl/real_space/hiptl.py 394
395 /lustre/cosinga/hicc/hiptl/real_space/hiptl.py 395
396 /lustre/cosinga/hicc/hiptl/real_space/hiptl.py 396
397 /lustre/cosinga/hicc/hiptl/real_space/hiptl.py 397
398 /lustre/cosinga/hicc/hiptl/real_space/hiptl.py 398
399 /lustre/cosinga/hicc/hiptl/real_space/hiptl.py 399
400 /lustre/cosinga/hicc/hiptl/real_space/hiptl.py 400
401 /lustre/cosinga/hicc/hiptl/real_space/hiptl.py 401
402 /lustre/cosinga/hicc/hiptl/real_space/hiptl.py 402
403 /lustre/cosinga/hicc/hiptl/real_space/hiptl.py 403
404 /lustre/cosinga/hicc/hiptl/real_space/hiptl.py 404
405 /lustre/cosinga/hicc/hiptl/real_space/hiptl.py 405
406 /lustre/cosinga/hicc/hiptl/real_space/hiptl.py 406
407 /lustre/cosinga/hicc/hiptl/real_space/hiptl.py 407
408 /lustre/cosinga/hicc/hiptl/real_space/hiptl.py 408
409 /lustre/cosinga/hicc/hiptl/real_space/hiptl.py 409
410 /lustre/cosinga/hicc/hiptl/real_space/hiptl.py 410
411 /lustre/cosinga/hicc/hiptl/real_space/hiptl.py 411
412 /lustre/cosinga/hicc/hiptl/real_space/hiptl.py 412
413 /lustre/cosinga/hicc/hiptl/real_space/hiptl.py 413
414 /lustre/cosinga/hicc/hiptl/real_space/hiptl.py 414
415 /lustre/cosinga/hicc/hiptl/real_space/hiptl.py 415
416 /lustre/cosinga/hicc/hiptl/real_space/hiptl.py 416
417 /lustre/cosinga/hicc/hiptl/real_space/hiptl.py 417
418 /lustre/cosinga/hicc/hiptl/real_space/hiptl.py 418
419 /lustre/cosinga/hicc/hiptl/real_space/hiptl.py 419
420 /lustre/cosinga/hicc/hiptl/real_space/hiptl.py 420
421 /lustre/cosinga/hicc/hiptl/real_space/hiptl.py 421
422 /lustre/cosinga/hicc/hiptl/real_space/hiptl.py 422
423 /lustre/cosinga/hicc/hiptl/real_space/hiptl.py 423
424 /lustre/cosinga/hicc/hiptl/real_space/hiptl.py 424
425 /lustre/cosinga/hicc/hiptl/real_space/hiptl.py 425
426 /lustre/cosinga/hicc/hiptl/real_space/hiptl.py 426
427 /lustre/cosinga/hicc/hiptl/real_space/hiptl.py 427
428 /lustre/cosinga/hicc/hiptl/real_space/hiptl.py 428
429 /lustre/cosinga/hicc/hiptl/real_space/hiptl.py 429
430 /lustre/cosinga/hicc/hiptl/real_space/hiptl.py 430
431 /lustre/cosinga/hicc/hiptl/real_space/hiptl.py 431
432 /lustre/cosinga/hicc/hiptl/real_space/hiptl.py 432
433 /lustre/cosinga/hicc/hiptl/real_space/hiptl.py 433
434 /lustre/cosinga/hicc/hiptl/real_space/hiptl.py 434
435 /lustre/cosinga/hicc/hiptl/real_space/hiptl.py 435
436 /lustre/cosinga/hicc/hiptl/real_space/hiptl.py 436
437 /lustre/cosinga/hicc/hiptl/real_space/hiptl.py 437
438 /lustre/cosinga/hicc/hiptl/real_space/hiptl.py 438
439 /lustre/cosinga/hicc/hiptl/real_space/hiptl.py 439
440 /lustre/cosinga/hicc/hiptl/real_space/hiptl.py 440
441 /lustre/cosinga/hicc/hiptl/real_space/hiptl.py 441
442 /lustre/cosinga/hicc/hiptl/real_space/hiptl.py 442
443 /lustre/cosinga/hicc/hiptl/real_space/hiptl.py 443
444 /lustre/cosinga/hicc/hiptl/real_space/hiptl.py 444
445 /lustre/cosinga/hicc/hiptl/real_space/hiptl.py 445
446 /lustre/cosinga/hicc/hiptl/real_space/hiptl.py 446
447 /lustre/cosinga/hicc/hiptl/real_space/hiptl.py 447
--------------------------------------------------------------
[   0 s] Started      0  /lustre/cosinga/hicc/hiptl/real_space/hiptl.py 0
[   0 s] Started      1  /lustre/cosinga/hicc/hiptl/real_space/hiptl.py 1
[   0 s] Started      2  /lustre/cosinga/hicc/hiptl/real_space/hiptl.py 2
[   0 s] Started      3  /lustre/cosinga/hicc/hiptl/real_space/hiptl.py 3
[   0 s] Started      4  /lustre/cosinga/hicc/hiptl/real_space/hiptl.py 4
[   0 s] Started      5  /lustre/cosinga/hicc/hiptl/real_space/hiptl.py 5
[   0 s] Started      6  /lustre/cosinga/hicc/hiptl/real_space/hiptl.py 6
[   0 s] Started      7  /lustre/cosinga/hicc/hiptl/real_space/hiptl.py 7
[   0 s] Started      8  /lustre/cosinga/hicc/hiptl/real_space/hiptl.py 8
[   0 s] Started      9  /lustre/cosinga/hicc/hiptl/real_space/hiptl.py 9
[   0 s] Started     10  /lustre/cosinga/hicc/hiptl/real_space/hiptl.py 10
[   0 s] Started     11  /lustre/cosinga/hicc/hiptl/real_space/hiptl.py 11
[   0 s] Started     12  /lustre/cosinga/hicc/hiptl/real_space/hiptl.py 12
[   0 s] Started     13  /lustre/cosinga/hicc/hiptl/real_space/hiptl.py 13
[   0 s] Started     14  /lustre/cosinga/hicc/hiptl/real_space/hiptl.py 14
[   0 s] Started     15  /lustre/cosinga/hicc/hiptl/real_space/hiptl.py 15
[   0 s] Started     16  /lustre/cosinga/hicc/hiptl/real_space/hiptl.py 16
[   0 s] Started     17  /lustre/cosinga/hicc/hiptl/real_space/hiptl.py 17
[   0 s] Started     18  /lustre/cosinga/hicc/hiptl/real_space/hiptl.py 18
[   0 s] Started     19  /lustre/cosinga/hicc/hiptl/real_space/hiptl.py 19
[   0 s] Started     20  /lustre/cosinga/hicc/hiptl/real_space/hiptl.py 20
[   0 s] Started     21  /lustre/cosinga/hicc/hiptl/real_space/hiptl.py 21
[   0 s] Started     22  /lustre/cosinga/hicc/hiptl/real_space/hiptl.py 22
[   0 s] Started     23  /lustre/cosinga/hicc/hiptl/real_space/hiptl.py 23
[   0 s] Started     24  /lustre/cosinga/hicc/hiptl/real_space/hiptl.py 24
[   0 s] Started     25  /lustre/cosinga/hicc/hiptl/real_space/hiptl.py 25
[   0 s] Started     26  /lustre/cosinga/hicc/hiptl/real_space/hiptl.py 26
[   0 s] Started     27  /lustre/cosinga/hicc/hiptl/real_space/hiptl.py 27
[   0 s] Started     28  /lustre/cosinga/hicc/hiptl/real_space/hiptl.py 28
[   0 s] Started     29  /lustre/cosinga/hicc/hiptl/real_space/hiptl.py 29
[   0 s] Started     30  /lustre/cosinga/hicc/hiptl/real_space/hiptl.py 30
[   0 s] Started     31  /lustre/cosinga/hicc/hiptl/real_space/hiptl.py 31
[   0 s] Started     32  /lustre/cosinga/hicc/hiptl/real_space/hiptl.py 32
[   0 s] Started     33  /lustre/cosinga/hicc/hiptl/real_space/hiptl.py 33
[   0 s] Started     34  /lustre/cosinga/hicc/hiptl/real_space/hiptl.py 34
[   0 s] Started     35  /lustre/cosinga/hicc/hiptl/real_space/hiptl.py 35
[   0 s] Started     36  /lustre/cosinga/hicc/hiptl/real_space/hiptl.py 36
[   0 s] Started     37  /lustre/cosinga/hicc/hiptl/real_space/hiptl.py 37
[   0 s] Started     38  /lustre/cosinga/hicc/hiptl/real_space/hiptl.py 38
[   0 s] Started     39  /lustre/cosinga/hicc/hiptl/real_space/hiptl.py 39
[   0 s] Started     40  /lustre/cosinga/hicc/hiptl/real_space/hiptl.py 40
[   0 s] Started     41  /lustre/cosinga/hicc/hiptl/real_space/hiptl.py 41
[   0 s] Started     42  /lustre/cosinga/hicc/hiptl/real_space/hiptl.py 42
[   0 s] Started     43  /lustre/cosinga/hicc/hiptl/real_space/hiptl.py 43
[   0 s] Started     44  /lustre/cosinga/hicc/hiptl/real_space/hiptl.py 44
[   0 s] Started     45  /lustre/cosinga/hicc/hiptl/real_space/hiptl.py 45
[   0 s] Started     46  /lustre/cosinga/hicc/hiptl/real_space/hiptl.py 46
[   0 s] Started     47  /lustre/cosinga/hicc/hiptl/real_space/hiptl.py 47
[   0 s] Started     48  /lustre/cosinga/hicc/hiptl/real_space/hiptl.py 48
[   0 s] Started     49  /lustre/cosinga/hicc/hiptl/real_space/hiptl.py 49
[   1 s] Completed    0  /lustre/cosinga/hicc/hiptl/real_space/hiptl.py 0
[   1 s] Completed    1  /lustre/cosinga/hicc/hiptl/real_space/hiptl.py 1
[   1 s] Completed    2  /lustre/cosinga/hicc/hiptl/real_space/hiptl.py 2
[   1 s] Completed    3  /lustre/cosinga/hicc/hiptl/real_space/hiptl.py 3
[   1 s] Completed    4  /lustre/cosinga/hicc/hiptl/real_space/hiptl.py 4
[   1 s] Completed    5  /lustre/cosinga/hicc/hiptl/real_space/hiptl.py 5
[   1 s] Completed    6  /lustre/cosinga/hicc/hiptl/real_space/hiptl.py 6
[   1 s] Completed    7  /lustre/cosinga/hicc/hiptl/real_space/hiptl.py 7
[   1 s] Completed    8  /lustre/cosinga/hicc/hiptl/real_space/hiptl.py 8
[   1 s] Completed    9  /lustre/cosinga/hicc/hiptl/real_space/hiptl.py 9
[   1 s] Completed   10  /lustre/cosinga/hicc/hiptl/real_space/hiptl.py 10
[   1 s] Completed   11  /lustre/cosinga/hicc/hiptl/real_space/hiptl.py 11
[   1 s] Completed   12  /lustre/cosinga/hicc/hiptl/real_space/hiptl.py 12
[   1 s] Completed   13  /lustre/cosinga/hicc/hiptl/real_space/hiptl.py 13
[   1 s] Completed   14  /lustre/cosinga/hicc/hiptl/real_space/hiptl.py 14
[   1 s] Completed   15  /lustre/cosinga/hicc/hiptl/real_space/hiptl.py 15
[   1 s] Completed   16  /lustre/cosinga/hicc/hiptl/real_space/hiptl.py 16
[   1 s] Completed   17  /lustre/cosinga/hicc/hiptl/real_space/hiptl.py 17
[   1 s] Completed   18  /lustre/cosinga/hicc/hiptl/real_space/hiptl.py 18
[   1 s] Completed   19  /lustre/cosinga/hicc/hiptl/real_space/hiptl.py 19
[   1 s] Completed   20  /lustre/cosinga/hicc/hiptl/real_space/hiptl.py 20
[   1 s] Completed   21  /lustre/cosinga/hicc/hiptl/real_space/hiptl.py 21
[   1 s] Completed   22  /lustre/cosinga/hicc/hiptl/real_space/hiptl.py 22
[   1 s] Completed   23  /lustre/cosinga/hicc/hiptl/real_space/hiptl.py 23
[   1 s] Completed   24  /lustre/cosinga/hicc/hiptl/real_space/hiptl.py 24
[   1 s] Completed   25  /lustre/cosinga/hicc/hiptl/real_space/hiptl.py 25
[   1 s] Completed   26  /lustre/cosinga/hicc/hiptl/real_space/hiptl.py 26
[   1 s] Completed   27  /lustre/cosinga/hicc/hiptl/real_space/hiptl.py 27
[   1 s] Completed   28  /lustre/cosinga/hicc/hiptl/real_space/hiptl.py 28
[   1 s] Completed   29  /lustre/cosinga/hicc/hiptl/real_space/hiptl.py 29
[   1 s] Completed   30  /lustre/cosinga/hicc/hiptl/real_space/hiptl.py 30
[   1 s] Completed   31  /lustre/cosinga/hicc/hiptl/real_space/hiptl.py 31
[   1 s] Completed   32  /lustre/cosinga/hicc/hiptl/real_space/hiptl.py 32
[   1 s] Completed   33  /lustre/cosinga/hicc/hiptl/real_space/hiptl.py 33
[   1 s] Completed   34  /lustre/cosinga/hicc/hiptl/real_space/hiptl.py 34
[   1 s] Completed   35  /lustre/cosinga/hicc/hiptl/real_space/hiptl.py 35
[   1 s] Completed   36  /lustre/cosinga/hicc/hiptl/real_space/hiptl.py 36
[   1 s] Completed   37  /lustre/cosinga/hicc/hiptl/real_space/hiptl.py 37
[   1 s] Completed   38  /lustre/cosinga/hicc/hiptl/real_space/hiptl.py 38
[   1 s] Completed   39  /lustre/cosinga/hicc/hiptl/real_space/hiptl.py 39
[   1 s] Completed   40  /lustre/cosinga/hicc/hiptl/real_space/hiptl.py 40
[   1 s] Completed   41  /lustre/cosinga/hicc/hiptl/real_space/hiptl.py 41
[   1 s] Completed   42  /lustre/cosinga/hicc/hiptl/real_space/hiptl.py 42
[   1 s] Completed   43  /lustre/cosinga/hicc/hiptl/real_space/hiptl.py 43
[   1 s] Completed   44  /lustre/cosinga/hicc/hiptl/real_space/hiptl.py 44
[   1 s] Completed   45  /lustre/cosinga/hicc/hiptl/real_space/hiptl.py 45
[   1 s] Completed   46  /lustre/cosinga/hicc/hiptl/real_space/hiptl.py 46
[   1 s] Completed   47  /lustre/cosinga/hicc/hiptl/real_space/hiptl.py 47
[   1 s] Completed   48  /lustre/cosinga/hicc/hiptl/real_space/hiptl.py 48
[   1 s] Completed   49  /lustre/cosinga/hicc/hiptl/real_space/hiptl.py 49
[   1 s] Started     50  /lustre/cosinga/hicc/hiptl/real_space/hiptl.py 50
[   1 s] Started     51  /lustre/cosinga/hicc/hiptl/real_space/hiptl.py 51
[   1 s] Started     52  /lustre/cosinga/hicc/hiptl/real_space/hiptl.py 52
[   1 s] Started     53  /lustre/cosinga/hicc/hiptl/real_space/hiptl.py 53
[   1 s] Started     54  /lustre/cosinga/hicc/hiptl/real_space/hiptl.py 54
[   1 s] Started     55  /lustre/cosinga/hicc/hiptl/real_space/hiptl.py 55
[   1 s] Started     56  /lustre/cosinga/hicc/hiptl/real_space/hiptl.py 56
[   1 s] Started     57  /lustre/cosinga/hicc/hiptl/real_space/hiptl.py 57
[   1 s] Started     58  /lustre/cosinga/hicc/hiptl/real_space/hiptl.py 58
[   1 s] Started     59  /lustre/cosinga/hicc/hiptl/real_space/hiptl.py 59
[   1 s] Started     60  /lustre/cosinga/hicc/hiptl/real_space/hiptl.py 60
[   1 s] Started     61  /lustre/cosinga/hicc/hiptl/real_space/hiptl.py 61
[   1 s] Started     62  /lustre/cosinga/hicc/hiptl/real_space/hiptl.py 62
[   1 s] Started     63  /lustre/cosinga/hicc/hiptl/real_space/hiptl.py 63
[   1 s] Started     64  /lustre/cosinga/hicc/hiptl/real_space/hiptl.py 64
[   1 s] Started     65  /lustre/cosinga/hicc/hiptl/real_space/hiptl.py 65
[   1 s] Started     66  /lustre/cosinga/hicc/hiptl/real_space/hiptl.py 66
[   1 s] Started     67  /lustre/cosinga/hicc/hiptl/real_space/hiptl.py 67
[   1 s] Started     68  /lustre/cosinga/hicc/hiptl/real_space/hiptl.py 68
[   1 s] Started     69  /lustre/cosinga/hicc/hiptl/real_space/hiptl.py 69
[   1 s] Started     70  /lustre/cosinga/hicc/hiptl/real_space/hiptl.py 70
[   1 s] Started     71  /lustre/cosinga/hicc/hiptl/real_space/hiptl.py 71
[   1 s] Started     72  /lustre/cosinga/hicc/hiptl/real_space/hiptl.py 72
[   1 s] Started     73  /lustre/cosinga/hicc/hiptl/real_space/hiptl.py 73
[   1 s] Started     74  /lustre/cosinga/hicc/hiptl/real_space/hiptl.py 74
[   1 s] Started     75  /lustre/cosinga/hicc/hiptl/real_space/hiptl.py 75
[   1 s] Started     76  /lustre/cosinga/hicc/hiptl/real_space/hiptl.py 76
[   1 s] Started     77  /lustre/cosinga/hicc/hiptl/real_space/hiptl.py 77
[   1 s] Started     78  /lustre/cosinga/hicc/hiptl/real_space/hiptl.py 78
[   1 s] Started     79  /lustre/cosinga/hicc/hiptl/real_space/hiptl.py 79
[   1 s] Started     80  /lustre/cosinga/hicc/hiptl/real_space/hiptl.py 80
[   1 s] Started     81  /lustre/cosinga/hicc/hiptl/real_space/hiptl.py 81
[   1 s] Started     82  /lustre/cosinga/hicc/hiptl/real_space/hiptl.py 82
[   1 s] Started     83  /lustre/cosinga/hicc/hiptl/real_space/hiptl.py 83
[   1 s] Started     84  /lustre/cosinga/hicc/hiptl/real_space/hiptl.py 84
[   1 s] Started     85  /lustre/cosinga/hicc/hiptl/real_space/hiptl.py 85
[   2 s] Started     86  /lustre/cosinga/hicc/hiptl/real_space/hiptl.py 86
[   2 s] Started     87  /lustre/cosinga/hicc/hiptl/real_space/hiptl.py 87
[   2 s] Started     88  /lustre/cosinga/hicc/hiptl/real_space/hiptl.py 88
[   2 s] Started     89  /lustre/cosinga/hicc/hiptl/real_space/hiptl.py 89
[   2 s] Started     90  /lustre/cosinga/hicc/hiptl/real_space/hiptl.py 90
[   2 s] Started     91  /lustre/cosinga/hicc/hiptl/real_space/hiptl.py 91
[   2 s] Started     92  /lustre/cosinga/hicc/hiptl/real_space/hiptl.py 92
[   2 s] Started     93  /lustre/cosinga/hicc/hiptl/real_space/hiptl.py 93
[   2 s] Started     94  /lustre/cosinga/hicc/hiptl/real_space/hiptl.py 94
[   2 s] Started     95  /lustre/cosinga/hicc/hiptl/real_space/hiptl.py 95
[   2 s] Started     96  /lustre/cosinga/hicc/hiptl/real_space/hiptl.py 96
[   2 s] Started     97  /lustre/cosinga/hicc/hiptl/real_space/hiptl.py 97
[   2 s] Started     98  /lustre/cosinga/hicc/hiptl/real_space/hiptl.py 98
[   2 s] Started     99  /lustre/cosinga/hicc/hiptl/real_space/hiptl.py 99
[   3 s] Completed   50  /lustre/cosinga/hicc/hiptl/real_space/hiptl.py 50
[   3 s] Completed   51  /lustre/cosinga/hicc/hiptl/real_space/hiptl.py 51
[   3 s] Completed   52  /lustre/cosinga/hicc/hiptl/real_space/hiptl.py 52
[   3 s] Completed   53  /lustre/cosinga/hicc/hiptl/real_space/hiptl.py 53
[   3 s] Completed   54  /lustre/cosinga/hicc/hiptl/real_space/hiptl.py 54
[   3 s] Completed   55  /lustre/cosinga/hicc/hiptl/real_space/hiptl.py 55
[   3 s] Completed   56  /lustre/cosinga/hicc/hiptl/real_space/hiptl.py 56
[   3 s] Completed   57  /lustre/cosinga/hicc/hiptl/real_space/hiptl.py 57
[   3 s] Completed   58  /lustre/cosinga/hicc/hiptl/real_space/hiptl.py 58
[   3 s] Completed   59  /lustre/cosinga/hicc/hiptl/real_space/hiptl.py 59
[   3 s] Completed   60  /lustre/cosinga/hicc/hiptl/real_space/hiptl.py 60
[   3 s] Completed   61  /lustre/cosinga/hicc/hiptl/real_space/hiptl.py 61
[   3 s] Completed   62  /lustre/cosinga/hicc/hiptl/real_space/hiptl.py 62
[   3 s] Completed   63  /lustre/cosinga/hicc/hiptl/real_space/hiptl.py 63
[   3 s] Completed   64  /lustre/cosinga/hicc/hiptl/real_space/hiptl.py 64
[   3 s] Completed   65  /lustre/cosinga/hicc/hiptl/real_space/hiptl.py 65
[   3 s] Completed   66  /lustre/cosinga/hicc/hiptl/real_space/hiptl.py 66
[   3 s] Completed   67  /lustre/cosinga/hicc/hiptl/real_space/hiptl.py 67
[   3 s] Completed   68  /lustre/cosinga/hicc/hiptl/real_space/hiptl.py 68
[   3 s] Completed   69  /lustre/cosinga/hicc/hiptl/real_space/hiptl.py 69
[   3 s] Completed   70  /lustre/cosinga/hicc/hiptl/real_space/hiptl.py 70
[   3 s] Completed   71  /lustre/cosinga/hicc/hiptl/real_space/hiptl.py 71
[   3 s] Completed   72  /lustre/cosinga/hicc/hiptl/real_space/hiptl.py 72
[   3 s] Completed   73  /lustre/cosinga/hicc/hiptl/real_space/hiptl.py 73
[   3 s] Completed   74  /lustre/cosinga/hicc/hiptl/real_space/hiptl.py 74
[   3 s] Completed   75  /lustre/cosinga/hicc/hiptl/real_space/hiptl.py 75
[   3 s] Completed   76  /lustre/cosinga/hicc/hiptl/real_space/hiptl.py 76
[   3 s] Completed   77  /lustre/cosinga/hicc/hiptl/real_space/hiptl.py 77
[   3 s] Completed   78  /lustre/cosinga/hicc/hiptl/real_space/hiptl.py 78
[   3 s] Completed   79  /lustre/cosinga/hicc/hiptl/real_space/hiptl.py 79
[   3 s] Completed   80  /lustre/cosinga/hicc/hiptl/real_space/hiptl.py 80
[   3 s] Completed   81  /lustre/cosinga/hicc/hiptl/real_space/hiptl.py 81
[   3 s] Completed   82  /lustre/cosinga/hicc/hiptl/real_space/hiptl.py 82
[   3 s] Completed   83  /lustre/cosinga/hicc/hiptl/real_space/hiptl.py 83
[   3 s] Completed   84  /lustre/cosinga/hicc/hiptl/real_space/hiptl.py 84
[   3 s] Completed   85  /lustre/cosinga/hicc/hiptl/real_space/hiptl.py 85
[   3 s] Completed   86  /lustre/cosinga/hicc/hiptl/real_space/hiptl.py 86
[   3 s] Completed   87  /lustre/cosinga/hicc/hiptl/real_space/hiptl.py 87
[   3 s] Completed   88  /lustre/cosinga/hicc/hiptl/real_space/hiptl.py 88
[   3 s] Completed   89  /lustre/cosinga/hicc/hiptl/real_space/hiptl.py 89
[   3 s] Completed   90  /lustre/cosinga/hicc/hiptl/real_space/hiptl.py 90
[   3 s] Completed   91  /lustre/cosinga/hicc/hiptl/real_space/hiptl.py 91
[   3 s] Completed   92  /lustre/cosinga/hicc/hiptl/real_space/hiptl.py 92
[   3 s] Completed   93  /lustre/cosinga/hicc/hiptl/real_space/hiptl.py 93
[   3 s] Completed   94  /lustre/cosinga/hicc/hiptl/real_space/hiptl.py 94
[   3 s] Completed   95  /lustre/cosinga/hicc/hiptl/real_space/hiptl.py 95
[   3 s] Completed   96  /lustre/cosinga/hicc/hiptl/real_space/hiptl.py 96
[   3 s] Completed   97  /lustre/cosinga/hicc/hiptl/real_space/hiptl.py 97
[   3 s] Completed   98  /lustre/cosinga/hicc/hiptl/real_space/hiptl.py 98
[   3 s] Completed   99  /lustre/cosinga/hicc/hiptl/real_space/hiptl.py 99
[   3 s] Started    100  /lustre/cosinga/hicc/hiptl/real_space/hiptl.py 100
[   3 s] Started    101  /lustre/cosinga/hicc/hiptl/real_space/hiptl.py 101
[   3 s] Started    102  /lustre/cosinga/hicc/hiptl/real_space/hiptl.py 102
[   3 s] Started    103  /lustre/cosinga/hicc/hiptl/real_space/hiptl.py 103
[   3 s] Started    104  /lustre/cosinga/hicc/hiptl/real_space/hiptl.py 104
[   3 s] Started    105  /lustre/cosinga/hicc/hiptl/real_space/hiptl.py 105
[   3 s] Started    106  /lustre/cosinga/hicc/hiptl/real_space/hiptl.py 106
[   3 s] Started    107  /lustre/cosinga/hicc/hiptl/real_space/hiptl.py 107
[   3 s] Started    108  /lustre/cosinga/hicc/hiptl/real_space/hiptl.py 108
[   3 s] Started    109  /lustre/cosinga/hicc/hiptl/real_space/hiptl.py 109
[   3 s] Started    110  /lustre/cosinga/hicc/hiptl/real_space/hiptl.py 110
[   3 s] Started    111  /lustre/cosinga/hicc/hiptl/real_space/hiptl.py 111
[   3 s] Started    112  /lustre/cosinga/hicc/hiptl/real_space/hiptl.py 112
[   3 s] Started    113  /lustre/cosinga/hicc/hiptl/real_space/hiptl.py 113
[   3 s] Started    114  /lustre/cosinga/hicc/hiptl/real_space/hiptl.py 114
[   3 s] Started    115  /lustre/cosinga/hicc/hiptl/real_space/hiptl.py 115
[   3 s] Started    116  /lustre/cosinga/hicc/hiptl/real_space/hiptl.py 116
[   3 s] Started    117  /lustre/cosinga/hicc/hiptl/real_space/hiptl.py 117
[   3 s] Started    118  /lustre/cosinga/hicc/hiptl/real_space/hiptl.py 118
[   3 s] Started    119  /lustre/cosinga/hicc/hiptl/real_space/hiptl.py 119
[   3 s] Started    120  /lustre/cosinga/hicc/hiptl/real_space/hiptl.py 120
[   3 s] Started    121  /lustre/cosinga/hicc/hiptl/real_space/hiptl.py 121
[   3 s] Started    122  /lustre/cosinga/hicc/hiptl/real_space/hiptl.py 122
[   3 s] Started    123  /lustre/cosinga/hicc/hiptl/real_space/hiptl.py 123
[   3 s] Started    124  /lustre/cosinga/hicc/hiptl/real_space/hiptl.py 124
[   3 s] Started    125  /lustre/cosinga/hicc/hiptl/real_space/hiptl.py 125
[   3 s] Started    126  /lustre/cosinga/hicc/hiptl/real_space/hiptl.py 126
[   3 s] Started    127  /lustre/cosinga/hicc/hiptl/real_space/hiptl.py 127
[   3 s] Started    128  /lustre/cosinga/hicc/hiptl/real_space/hiptl.py 128
[   3 s] Started    129  /lustre/cosinga/hicc/hiptl/real_space/hiptl.py 129
[   3 s] Started    130  /lustre/cosinga/hicc/hiptl/real_space/hiptl.py 130
[   3 s] Started    131  /lustre/cosinga/hicc/hiptl/real_space/hiptl.py 131
[   3 s] Started    132  /lustre/cosinga/hicc/hiptl/real_space/hiptl.py 132
[   3 s] Started    133  /lustre/cosinga/hicc/hiptl/real_space/hiptl.py 133
[   3 s] Started    134  /lustre/cosinga/hicc/hiptl/real_space/hiptl.py 134
[   3 s] Started    135  /lustre/cosinga/hicc/hiptl/real_space/hiptl.py 135
[   3 s] Started    136  /lustre/cosinga/hicc/hiptl/real_space/hiptl.py 136
[   3 s] Started    137  /lustre/cosinga/hicc/hiptl/real_space/hiptl.py 137
[   3 s] Started    138  /lustre/cosinga/hicc/hiptl/real_space/hiptl.py 138
[   3 s] Started    139  /lustre/cosinga/hicc/hiptl/real_space/hiptl.py 139
[   3 s] Started    140  /lustre/cosinga/hicc/hiptl/real_space/hiptl.py 140
[   3 s] Started    141  /lustre/cosinga/hicc/hiptl/real_space/hiptl.py 141
[   3 s] Started    142  /lustre/cosinga/hicc/hiptl/real_space/hiptl.py 142
[   3 s] Started    143  /lustre/cosinga/hicc/hiptl/real_space/hiptl.py 143
[   3 s] Started    144  /lustre/cosinga/hicc/hiptl/real_space/hiptl.py 144
[   3 s] Started    145  /lustre/cosinga/hicc/hiptl/real_space/hiptl.py 145
[   3 s] Started    146  /lustre/cosinga/hicc/hiptl/real_space/hiptl.py 146
[   3 s] Started    147  /lustre/cosinga/hicc/hiptl/real_space/hiptl.py 147
[   3 s] Started    148  /lustre/cosinga/hicc/hiptl/real_space/hiptl.py 148
[   3 s] Started    149  /lustre/cosinga/hicc/hiptl/real_space/hiptl.py 149
[   4 s] Completed  100  /lustre/cosinga/hicc/hiptl/real_space/hiptl.py 100
[   4 s] Completed  101  /lustre/cosinga/hicc/hiptl/real_space/hiptl.py 101
[   4 s] Completed  102  /lustre/cosinga/hicc/hiptl/real_space/hiptl.py 102
[   4 s] Completed  103  /lustre/cosinga/hicc/hiptl/real_space/hiptl.py 103
[   4 s] Completed  104  /lustre/cosinga/hicc/hiptl/real_space/hiptl.py 104
[   4 s] Completed  105  /lustre/cosinga/hicc/hiptl/real_space/hiptl.py 105
[   4 s] Completed  106  /lustre/cosinga/hicc/hiptl/real_space/hiptl.py 106
[   4 s] Completed  107  /lustre/cosinga/hicc/hiptl/real_space/hiptl.py 107
[   4 s] Completed  108  /lustre/cosinga/hicc/hiptl/real_space/hiptl.py 108
[   4 s] Completed  109  /lustre/cosinga/hicc/hiptl/real_space/hiptl.py 109
[   4 s] Completed  110  /lustre/cosinga/hicc/hiptl/real_space/hiptl.py 110
[   4 s] Completed  111  /lustre/cosinga/hicc/hiptl/real_space/hiptl.py 111
[   4 s] Completed  112  /lustre/cosinga/hicc/hiptl/real_space/hiptl.py 112
[   4 s] Completed  113  /lustre/cosinga/hicc/hiptl/real_space/hiptl.py 113
[   4 s] Completed  114  /lustre/cosinga/hicc/hiptl/real_space/hiptl.py 114
[   4 s] Completed  115  /lustre/cosinga/hicc/hiptl/real_space/hiptl.py 115
[   4 s] Completed  116  /lustre/cosinga/hicc/hiptl/real_space/hiptl.py 116
[   4 s] Completed  117  /lustre/cosinga/hicc/hiptl/real_space/hiptl.py 117
[   4 s] Completed  118  /lustre/cosinga/hicc/hiptl/real_space/hiptl.py 118
[   4 s] Completed  119  /lustre/cosinga/hicc/hiptl/real_space/hiptl.py 119
[   4 s] Completed  120  /lustre/cosinga/hicc/hiptl/real_space/hiptl.py 120
[   4 s] Completed  121  /lustre/cosinga/hicc/hiptl/real_space/hiptl.py 121
[   4 s] Completed  122  /lustre/cosinga/hicc/hiptl/real_space/hiptl.py 122
[   4 s] Completed  123  /lustre/cosinga/hicc/hiptl/real_space/hiptl.py 123
[   4 s] Completed  124  /lustre/cosinga/hicc/hiptl/real_space/hiptl.py 124
[   4 s] Completed  125  /lustre/cosinga/hicc/hiptl/real_space/hiptl.py 125
[   4 s] Completed  126  /lustre/cosinga/hicc/hiptl/real_space/hiptl.py 126
[   4 s] Completed  127  /lustre/cosinga/hicc/hiptl/real_space/hiptl.py 127
[   4 s] Completed  128  /lustre/cosinga/hicc/hiptl/real_space/hiptl.py 128
[   4 s] Completed  129  /lustre/cosinga/hicc/hiptl/real_space/hiptl.py 129
[   4 s] Completed  130  /lustre/cosinga/hicc/hiptl/real_space/hiptl.py 130
[   4 s] Completed  131  /lustre/cosinga/hicc/hiptl/real_space/hiptl.py 131
[   4 s] Completed  132  /lustre/cosinga/hicc/hiptl/real_space/hiptl.py 132
[   4 s] Completed  133  /lustre/cosinga/hicc/hiptl/real_space/hiptl.py 133
[   4 s] Completed  134  /lustre/cosinga/hicc/hiptl/real_space/hiptl.py 134
[   4 s] Completed  135  /lustre/cosinga/hicc/hiptl/real_space/hiptl.py 135
[   4 s] Completed  136  /lustre/cosinga/hicc/hiptl/real_space/hiptl.py 136
[   4 s] Completed  137  /lustre/cosinga/hicc/hiptl/real_space/hiptl.py 137
[   4 s] Completed  138  /lustre/cosinga/hicc/hiptl/real_space/hiptl.py 138
[   4 s] Completed  139  /lustre/cosinga/hicc/hiptl/real_space/hiptl.py 139
[   4 s] Completed  140  /lustre/cosinga/hicc/hiptl/real_space/hiptl.py 140
[   4 s] Completed  141  /lustre/cosinga/hicc/hiptl/real_space/hiptl.py 141
[   4 s] Completed  142  /lustre/cosinga/hicc/hiptl/real_space/hiptl.py 142
[   4 s] Completed  143  /lustre/cosinga/hicc/hiptl/real_space/hiptl.py 143
[   4 s] Completed  144  /lustre/cosinga/hicc/hiptl/real_space/hiptl.py 144
[   4 s] Completed  145  /lustre/cosinga/hicc/hiptl/real_space/hiptl.py 145
[   4 s] Completed  146  /lustre/cosinga/hicc/hiptl/real_space/hiptl.py 146
[   4 s] Completed  147  /lustre/cosinga/hicc/hiptl/real_space/hiptl.py 147
[   4 s] Completed  148  /lustre/cosinga/hicc/hiptl/real_space/hiptl.py 148
[   4 s] Completed  149  /lustre/cosinga/hicc/hiptl/real_space/hiptl.py 149
[   4 s] Started    150  /lustre/cosinga/hicc/hiptl/real_space/hiptl.py 150
[   4 s] Started    151  /lustre/cosinga/hicc/hiptl/real_space/hiptl.py 151
[   4 s] Started    152  /lustre/cosinga/hicc/hiptl/real_space/hiptl.py 152
[   4 s] Started    153  /lustre/cosinga/hicc/hiptl/real_space/hiptl.py 153
[   4 s] Started    154  /lustre/cosinga/hicc/hiptl/real_space/hiptl.py 154
[   4 s] Started    155  /lustre/cosinga/hicc/hiptl/real_space/hiptl.py 155
[   4 s] Started    156  /lustre/cosinga/hicc/hiptl/real_space/hiptl.py 156
[   4 s] Started    157  /lustre/cosinga/hicc/hiptl/real_space/hiptl.py 157
[   4 s] Started    158  /lustre/cosinga/hicc/hiptl/real_space/hiptl.py 158
[   4 s] Started    159  /lustre/cosinga/hicc/hiptl/real_space/hiptl.py 159
[   4 s] Started    160  /lustre/cosinga/hicc/hiptl/real_space/hiptl.py 160
[   4 s] Started    161  /lustre/cosinga/hicc/hiptl/real_space/hiptl.py 161
[   4 s] Started    162  /lustre/cosinga/hicc/hiptl/real_space/hiptl.py 162
[   4 s] Started    163  /lustre/cosinga/hicc/hiptl/real_space/hiptl.py 163
[   4 s] Started    164  /lustre/cosinga/hicc/hiptl/real_space/hiptl.py 164
[   4 s] Started    165  /lustre/cosinga/hicc/hiptl/real_space/hiptl.py 165
[   4 s] Started    166  /lustre/cosinga/hicc/hiptl/real_space/hiptl.py 166
[   4 s] Started    167  /lustre/cosinga/hicc/hiptl/real_space/hiptl.py 167
[   4 s] Started    168  /lustre/cosinga/hicc/hiptl/real_space/hiptl.py 168
[   4 s] Started    169  /lustre/cosinga/hicc/hiptl/real_space/hiptl.py 169
[   4 s] Started    170  /lustre/cosinga/hicc/hiptl/real_space/hiptl.py 170
[   4 s] Started    171  /lustre/cosinga/hicc/hiptl/real_space/hiptl.py 171
[   4 s] Started    172  /lustre/cosinga/hicc/hiptl/real_space/hiptl.py 172
[   4 s] Started    173  /lustre/cosinga/hicc/hiptl/real_space/hiptl.py 173
[   4 s] Started    174  /lustre/cosinga/hicc/hiptl/real_space/hiptl.py 174
[   4 s] Started    175  /lustre/cosinga/hicc/hiptl/real_space/hiptl.py 175
[   4 s] Started    176  /lustre/cosinga/hicc/hiptl/real_space/hiptl.py 176
[   4 s] Started    177  /lustre/cosinga/hicc/hiptl/real_space/hiptl.py 177
[   5 s] Started    178  /lustre/cosinga/hicc/hiptl/real_space/hiptl.py 178
[   5 s] Started    179  /lustre/cosinga/hicc/hiptl/real_space/hiptl.py 179
[   5 s] Started    180  /lustre/cosinga/hicc/hiptl/real_space/hiptl.py 180
[   5 s] Started    181  /lustre/cosinga/hicc/hiptl/real_space/hiptl.py 181
[   5 s] Started    182  /lustre/cosinga/hicc/hiptl/real_space/hiptl.py 182
[   5 s] Started    183  /lustre/cosinga/hicc/hiptl/real_space/hiptl.py 183
[   5 s] Started    184  /lustre/cosinga/hicc/hiptl/real_space/hiptl.py 184
[   5 s] Started    185  /lustre/cosinga/hicc/hiptl/real_space/hiptl.py 185
[   5 s] Started    186  /lustre/cosinga/hicc/hiptl/real_space/hiptl.py 186
[   5 s] Started    187  /lustre/cosinga/hicc/hiptl/real_space/hiptl.py 187
[   5 s] Started    188  /lustre/cosinga/hicc/hiptl/real_space/hiptl.py 188
[   5 s] Started    189  /lustre/cosinga/hicc/hiptl/real_space/hiptl.py 189
[   5 s] Started    190  /lustre/cosinga/hicc/hiptl/real_space/hiptl.py 190
[   5 s] Started    191  /lustre/cosinga/hicc/hiptl/real_space/hiptl.py 191
[   5 s] Started    192  /lustre/cosinga/hicc/hiptl/real_space/hiptl.py 192
[   5 s] Started    193  /lustre/cosinga/hicc/hiptl/real_space/hiptl.py 193
[   5 s] Started    194  /lustre/cosinga/hicc/hiptl/real_space/hiptl.py 194
[   5 s] Started    195  /lustre/cosinga/hicc/hiptl/real_space/hiptl.py 195
[   5 s] Started    196  /lustre/cosinga/hicc/hiptl/real_space/hiptl.py 196
[   5 s] Started    197  /lustre/cosinga/hicc/hiptl/real_space/hiptl.py 197
[   5 s] Started    198  /lustre/cosinga/hicc/hiptl/real_space/hiptl.py 198
[   5 s] Started    199  /lustre/cosinga/hicc/hiptl/real_space/hiptl.py 199
[   6 s] Completed  150  /lustre/cosinga/hicc/hiptl/real_space/hiptl.py 150
[   6 s] Completed  151  /lustre/cosinga/hicc/hiptl/real_space/hiptl.py 151
[   6 s] Completed  152  /lustre/cosinga/hicc/hiptl/real_space/hiptl.py 152
[   6 s] Completed  153  /lustre/cosinga/hicc/hiptl/real_space/hiptl.py 153
[   6 s] Completed  154  /lustre/cosinga/hicc/hiptl/real_space/hiptl.py 154
[   6 s] Completed  155  /lustre/cosinga/hicc/hiptl/real_space/hiptl.py 155
[   6 s] Completed  156  /lustre/cosinga/hicc/hiptl/real_space/hiptl.py 156
[   6 s] Completed  157  /lustre/cosinga/hicc/hiptl/real_space/hiptl.py 157
[   6 s] Completed  158  /lustre/cosinga/hicc/hiptl/real_space/hiptl.py 158
[   6 s] Completed  159  /lustre/cosinga/hicc/hiptl/real_space/hiptl.py 159
[   6 s] Completed  160  /lustre/cosinga/hicc/hiptl/real_space/hiptl.py 160
[   6 s] Completed  161  /lustre/cosinga/hicc/hiptl/real_space/hiptl.py 161
[   6 s] Completed  162  /lustre/cosinga/hicc/hiptl/real_space/hiptl.py 162
[   6 s] Completed  163  /lustre/cosinga/hicc/hiptl/real_space/hiptl.py 163
[   6 s] Completed  164  /lustre/cosinga/hicc/hiptl/real_space/hiptl.py 164
[   6 s] Completed  165  /lustre/cosinga/hicc/hiptl/real_space/hiptl.py 165
[   6 s] Completed  166  /lustre/cosinga/hicc/hiptl/real_space/hiptl.py 166
[   6 s] Completed  167  /lustre/cosinga/hicc/hiptl/real_space/hiptl.py 167
[   6 s] Completed  168  /lustre/cosinga/hicc/hiptl/real_space/hiptl.py 168
[   6 s] Completed  169  /lustre/cosinga/hicc/hiptl/real_space/hiptl.py 169
[   6 s] Completed  170  /lustre/cosinga/hicc/hiptl/real_space/hiptl.py 170
[   6 s] Completed  171  /lustre/cosinga/hicc/hiptl/real_space/hiptl.py 171
[   6 s] Completed  172  /lustre/cosinga/hicc/hiptl/real_space/hiptl.py 172
[   6 s] Completed  173  /lustre/cosinga/hicc/hiptl/real_space/hiptl.py 173
[   6 s] Completed  174  /lustre/cosinga/hicc/hiptl/real_space/hiptl.py 174
[   6 s] Completed  175  /lustre/cosinga/hicc/hiptl/real_space/hiptl.py 175
[   6 s] Completed  176  /lustre/cosinga/hicc/hiptl/real_space/hiptl.py 176
[   6 s] Completed  177  /lustre/cosinga/hicc/hiptl/real_space/hiptl.py 177
[   6 s] Completed  178  /lustre/cosinga/hicc/hiptl/real_space/hiptl.py 178
[   6 s] Completed  179  /lustre/cosinga/hicc/hiptl/real_space/hiptl.py 179
[   6 s] Completed  180  /lustre/cosinga/hicc/hiptl/real_space/hiptl.py 180
[   6 s] Completed  181  /lustre/cosinga/hicc/hiptl/real_space/hiptl.py 181
[   6 s] Completed  182  /lustre/cosinga/hicc/hiptl/real_space/hiptl.py 182
[   6 s] Completed  183  /lustre/cosinga/hicc/hiptl/real_space/hiptl.py 183
[   6 s] Completed  184  /lustre/cosinga/hicc/hiptl/real_space/hiptl.py 184
[   6 s] Completed  185  /lustre/cosinga/hicc/hiptl/real_space/hiptl.py 185
[   6 s] Completed  186  /lustre/cosinga/hicc/hiptl/real_space/hiptl.py 186
[   6 s] Completed  187  /lustre/cosinga/hicc/hiptl/real_space/hiptl.py 187
[   6 s] Completed  188  /lustre/cosinga/hicc/hiptl/real_space/hiptl.py 188
[   6 s] Completed  189  /lustre/cosinga/hicc/hiptl/real_space/hiptl.py 189
[   6 s] Completed  190  /lustre/cosinga/hicc/hiptl/real_space/hiptl.py 190
[   6 s] Completed  191  /lustre/cosinga/hicc/hiptl/real_space/hiptl.py 191
[   6 s] Completed  192  /lustre/cosinga/hicc/hiptl/real_space/hiptl.py 192
[   6 s] Completed  193  /lustre/cosinga/hicc/hiptl/real_space/hiptl.py 193
[   6 s] Completed  194  /lustre/cosinga/hicc/hiptl/real_space/hiptl.py 194
[   6 s] Completed  195  /lustre/cosinga/hicc/hiptl/real_space/hiptl.py 195
[   6 s] Completed  196  /lustre/cosinga/hicc/hiptl/real_space/hiptl.py 196
[   6 s] Completed  197  /lustre/cosinga/hicc/hiptl/real_space/hiptl.py 197
[   6 s] Completed  198  /lustre/cosinga/hicc/hiptl/real_space/hiptl.py 198
[   6 s] Completed  199  /lustre/cosinga/hicc/hiptl/real_space/hiptl.py 199
[   6 s] Started    200  /lustre/cosinga/hicc/hiptl/real_space/hiptl.py 200
[   6 s] Started    201  /lustre/cosinga/hicc/hiptl/real_space/hiptl.py 201
[   6 s] Started    202  /lustre/cosinga/hicc/hiptl/real_space/hiptl.py 202
[   6 s] Started    203  /lustre/cosinga/hicc/hiptl/real_space/hiptl.py 203
[   6 s] Started    204  /lustre/cosinga/hicc/hiptl/real_space/hiptl.py 204
[   6 s] Started    205  /lustre/cosinga/hicc/hiptl/real_space/hiptl.py 205
[   6 s] Started    206  /lustre/cosinga/hicc/hiptl/real_space/hiptl.py 206
[   6 s] Started    207  /lustre/cosinga/hicc/hiptl/real_space/hiptl.py 207
[   6 s] Started    208  /lustre/cosinga/hicc/hiptl/real_space/hiptl.py 208
[   6 s] Started    209  /lustre/cosinga/hicc/hiptl/real_space/hiptl.py 209
[   6 s] Started    210  /lustre/cosinga/hicc/hiptl/real_space/hiptl.py 210
[   6 s] Started    211  /lustre/cosinga/hicc/hiptl/real_space/hiptl.py 211
[   6 s] Started    212  /lustre/cosinga/hicc/hiptl/real_space/hiptl.py 212
[   6 s] Started    213  /lustre/cosinga/hicc/hiptl/real_space/hiptl.py 213
[   6 s] Started    214  /lustre/cosinga/hicc/hiptl/real_space/hiptl.py 214
[   6 s] Started    215  /lustre/cosinga/hicc/hiptl/real_space/hiptl.py 215
[   6 s] Started    216  /lustre/cosinga/hicc/hiptl/real_space/hiptl.py 216
[   6 s] Started    217  /lustre/cosinga/hicc/hiptl/real_space/hiptl.py 217
[   6 s] Started    218  /lustre/cosinga/hicc/hiptl/real_space/hiptl.py 218
[   6 s] Started    219  /lustre/cosinga/hicc/hiptl/real_space/hiptl.py 219
[   6 s] Started    220  /lustre/cosinga/hicc/hiptl/real_space/hiptl.py 220
[   6 s] Started    221  /lustre/cosinga/hicc/hiptl/real_space/hiptl.py 221
[   6 s] Started    222  /lustre/cosinga/hicc/hiptl/real_space/hiptl.py 222
[   6 s] Started    223  /lustre/cosinga/hicc/hiptl/real_space/hiptl.py 223
[   6 s] Started    224  /lustre/cosinga/hicc/hiptl/real_space/hiptl.py 224
[   6 s] Started    225  /lustre/cosinga/hicc/hiptl/real_space/hiptl.py 225
[   6 s] Started    226  /lustre/cosinga/hicc/hiptl/real_space/hiptl.py 226
[   6 s] Started    227  /lustre/cosinga/hicc/hiptl/real_space/hiptl.py 227
[   6 s] Started    228  /lustre/cosinga/hicc/hiptl/real_space/hiptl.py 228
[   6 s] Started    229  /lustre/cosinga/hicc/hiptl/real_space/hiptl.py 229
[   6 s] Started    230  /lustre/cosinga/hicc/hiptl/real_space/hiptl.py 230
[   6 s] Started    231  /lustre/cosinga/hicc/hiptl/real_space/hiptl.py 231
[   6 s] Started    232  /lustre/cosinga/hicc/hiptl/real_space/hiptl.py 232
[   6 s] Started    233  /lustre/cosinga/hicc/hiptl/real_space/hiptl.py 233
[   6 s] Started    234  /lustre/cosinga/hicc/hiptl/real_space/hiptl.py 234
[   6 s] Started    235  /lustre/cosinga/hicc/hiptl/real_space/hiptl.py 235
[   6 s] Started    236  /lustre/cosinga/hicc/hiptl/real_space/hiptl.py 236
[   6 s] Started    237  /lustre/cosinga/hicc/hiptl/real_space/hiptl.py 237
[   6 s] Started    238  /lustre/cosinga/hicc/hiptl/real_space/hiptl.py 238
[   6 s] Started    239  /lustre/cosinga/hicc/hiptl/real_space/hiptl.py 239
[   6 s] Started    240  /lustre/cosinga/hicc/hiptl/real_space/hiptl.py 240
[   6 s] Started    241  /lustre/cosinga/hicc/hiptl/real_space/hiptl.py 241
[   6 s] Started    242  /lustre/cosinga/hicc/hiptl/real_space/hiptl.py 242
[   6 s] Started    243  /lustre/cosinga/hicc/hiptl/real_space/hiptl.py 243
[   6 s] Started    244  /lustre/cosinga/hicc/hiptl/real_space/hiptl.py 244
[   6 s] Started    245  /lustre/cosinga/hicc/hiptl/real_space/hiptl.py 245
[   6 s] Started    246  /lustre/cosinga/hicc/hiptl/real_space/hiptl.py 246
[   6 s] Started    247  /lustre/cosinga/hicc/hiptl/real_space/hiptl.py 247
[   6 s] Started    248  /lustre/cosinga/hicc/hiptl/real_space/hiptl.py 248
[   6 s] Started    249  /lustre/cosinga/hicc/hiptl/real_space/hiptl.py 249
[   7 s] Completed  200  /lustre/cosinga/hicc/hiptl/real_space/hiptl.py 200
[   7 s] Completed  201  /lustre/cosinga/hicc/hiptl/real_space/hiptl.py 201
[   7 s] Completed  202  /lustre/cosinga/hicc/hiptl/real_space/hiptl.py 202
[   7 s] Completed  203  /lustre/cosinga/hicc/hiptl/real_space/hiptl.py 203
[   7 s] Completed  204  /lustre/cosinga/hicc/hiptl/real_space/hiptl.py 204
[   7 s] Completed  205  /lustre/cosinga/hicc/hiptl/real_space/hiptl.py 205
[   7 s] Completed  206  /lustre/cosinga/hicc/hiptl/real_space/hiptl.py 206
[   7 s] Completed  207  /lustre/cosinga/hicc/hiptl/real_space/hiptl.py 207
[   7 s] Completed  208  /lustre/cosinga/hicc/hiptl/real_space/hiptl.py 208
[   7 s] Completed  209  /lustre/cosinga/hicc/hiptl/real_space/hiptl.py 209
[   7 s] Completed  210  /lustre/cosinga/hicc/hiptl/real_space/hiptl.py 210
[   7 s] Completed  211  /lustre/cosinga/hicc/hiptl/real_space/hiptl.py 211
[   7 s] Completed  212  /lustre/cosinga/hicc/hiptl/real_space/hiptl.py 212
[   7 s] Completed  213  /lustre/cosinga/hicc/hiptl/real_space/hiptl.py 213
[   7 s] Completed  214  /lustre/cosinga/hicc/hiptl/real_space/hiptl.py 214
[   7 s] Completed  215  /lustre/cosinga/hicc/hiptl/real_space/hiptl.py 215
[   7 s] Completed  216  /lustre/cosinga/hicc/hiptl/real_space/hiptl.py 216
[   7 s] Completed  217  /lustre/cosinga/hicc/hiptl/real_space/hiptl.py 217
[   7 s] Completed  218  /lustre/cosinga/hicc/hiptl/real_space/hiptl.py 218
[   7 s] Completed  219  /lustre/cosinga/hicc/hiptl/real_space/hiptl.py 219
[   7 s] Completed  220  /lustre/cosinga/hicc/hiptl/real_space/hiptl.py 220
[   7 s] Completed  221  /lustre/cosinga/hicc/hiptl/real_space/hiptl.py 221
[   7 s] Completed  222  /lustre/cosinga/hicc/hiptl/real_space/hiptl.py 222
[   7 s] Completed  223  /lustre/cosinga/hicc/hiptl/real_space/hiptl.py 223
[   7 s] Completed  224  /lustre/cosinga/hicc/hiptl/real_space/hiptl.py 224
[   7 s] Completed  225  /lustre/cosinga/hicc/hiptl/real_space/hiptl.py 225
[   7 s] Completed  226  /lustre/cosinga/hicc/hiptl/real_space/hiptl.py 226
[   7 s] Completed  227  /lustre/cosinga/hicc/hiptl/real_space/hiptl.py 227
[   7 s] Completed  228  /lustre/cosinga/hicc/hiptl/real_space/hiptl.py 228
[   7 s] Completed  229  /lustre/cosinga/hicc/hiptl/real_space/hiptl.py 229
[   7 s] Completed  230  /lustre/cosinga/hicc/hiptl/real_space/hiptl.py 230
[   7 s] Completed  231  /lustre/cosinga/hicc/hiptl/real_space/hiptl.py 231
[   7 s] Completed  232  /lustre/cosinga/hicc/hiptl/real_space/hiptl.py 232
[   7 s] Completed  233  /lustre/cosinga/hicc/hiptl/real_space/hiptl.py 233
[   7 s] Completed  234  /lustre/cosinga/hicc/hiptl/real_space/hiptl.py 234
[   7 s] Completed  235  /lustre/cosinga/hicc/hiptl/real_space/hiptl.py 235
[   7 s] Completed  236  /lustre/cosinga/hicc/hiptl/real_space/hiptl.py 236
[   7 s] Completed  237  /lustre/cosinga/hicc/hiptl/real_space/hiptl.py 237
[   7 s] Completed  238  /lustre/cosinga/hicc/hiptl/real_space/hiptl.py 238
[   7 s] Completed  239  /lustre/cosinga/hicc/hiptl/real_space/hiptl.py 239
[   7 s] Completed  240  /lustre/cosinga/hicc/hiptl/real_space/hiptl.py 240
[   7 s] Completed  241  /lustre/cosinga/hicc/hiptl/real_space/hiptl.py 241
[   7 s] Completed  242  /lustre/cosinga/hicc/hiptl/real_space/hiptl.py 242
[   7 s] Completed  243  /lustre/cosinga/hicc/hiptl/real_space/hiptl.py 243
[   7 s] Completed  244  /lustre/cosinga/hicc/hiptl/real_space/hiptl.py 244
[   7 s] Completed  245  /lustre/cosinga/hicc/hiptl/real_space/hiptl.py 245
[   7 s] Completed  246  /lustre/cosinga/hicc/hiptl/real_space/hiptl.py 246
[   7 s] Completed  247  /lustre/cosinga/hicc/hiptl/real_space/hiptl.py 247
[   7 s] Completed  248  /lustre/cosinga/hicc/hiptl/real_space/hiptl.py 248
[   7 s] Completed  249  /lustre/cosinga/hicc/hiptl/real_space/hiptl.py 249
[   7 s] Started    250  /lustre/cosinga/hicc/hiptl/real_space/hiptl.py 250
[   7 s] Started    251  /lustre/cosinga/hicc/hiptl/real_space/hiptl.py 251
[   7 s] Started    252  /lustre/cosinga/hicc/hiptl/real_space/hiptl.py 252
[   7 s] Started    253  /lustre/cosinga/hicc/hiptl/real_space/hiptl.py 253
[   7 s] Started    254  /lustre/cosinga/hicc/hiptl/real_space/hiptl.py 254
[   7 s] Started    255  /lustre/cosinga/hicc/hiptl/real_space/hiptl.py 255
[   7 s] Started    256  /lustre/cosinga/hicc/hiptl/real_space/hiptl.py 256
[   7 s] Started    257  /lustre/cosinga/hicc/hiptl/real_space/hiptl.py 257
[   7 s] Started    258  /lustre/cosinga/hicc/hiptl/real_space/hiptl.py 258
[   7 s] Started    259  /lustre/cosinga/hicc/hiptl/real_space/hiptl.py 259
[   7 s] Started    260  /lustre/cosinga/hicc/hiptl/real_space/hiptl.py 260
[   7 s] Started    261  /lustre/cosinga/hicc/hiptl/real_space/hiptl.py 261
[   7 s] Started    262  /lustre/cosinga/hicc/hiptl/real_space/hiptl.py 262
[   7 s] Started    263  /lustre/cosinga/hicc/hiptl/real_space/hiptl.py 263
[   7 s] Started    264  /lustre/cosinga/hicc/hiptl/real_space/hiptl.py 264
[   7 s] Started    265  /lustre/cosinga/hicc/hiptl/real_space/hiptl.py 265
[   7 s] Started    266  /lustre/cosinga/hicc/hiptl/real_space/hiptl.py 266
[   7 s] Started    267  /lustre/cosinga/hicc/hiptl/real_space/hiptl.py 267
[   7 s] Started    268  /lustre/cosinga/hicc/hiptl/real_space/hiptl.py 268
[   7 s] Started    269  /lustre/cosinga/hicc/hiptl/real_space/hiptl.py 269
[   7 s] Started    270  /lustre/cosinga/hicc/hiptl/real_space/hiptl.py 270
[   7 s] Started    271  /lustre/cosinga/hicc/hiptl/real_space/hiptl.py 271
[   7 s] Started    272  /lustre/cosinga/hicc/hiptl/real_space/hiptl.py 272
[   7 s] Started    273  /lustre/cosinga/hicc/hiptl/real_space/hiptl.py 273
[   8 s] Started    274  /lustre/cosinga/hicc/hiptl/real_space/hiptl.py 274
[   8 s] Started    275  /lustre/cosinga/hicc/hiptl/real_space/hiptl.py 275
[   8 s] Started    276  /lustre/cosinga/hicc/hiptl/real_space/hiptl.py 276
[   8 s] Started    277  /lustre/cosinga/hicc/hiptl/real_space/hiptl.py 277
[   8 s] Started    278  /lustre/cosinga/hicc/hiptl/real_space/hiptl.py 278
[   8 s] Started    279  /lustre/cosinga/hicc/hiptl/real_space/hiptl.py 279
[   8 s] Started    280  /lustre/cosinga/hicc/hiptl/real_space/hiptl.py 280
[   8 s] Started    281  /lustre/cosinga/hicc/hiptl/real_space/hiptl.py 281
[   8 s] Started    282  /lustre/cosinga/hicc/hiptl/real_space/hiptl.py 282
[   8 s] Started    283  /lustre/cosinga/hicc/hiptl/real_space/hiptl.py 283
[   8 s] Started    284  /lustre/cosinga/hicc/hiptl/real_space/hiptl.py 284
[   8 s] Started    285  /lustre/cosinga/hicc/hiptl/real_space/hiptl.py 285
[   8 s] Started    286  /lustre/cosinga/hicc/hiptl/real_space/hiptl.py 286
[   8 s] Started    287  /lustre/cosinga/hicc/hiptl/real_space/hiptl.py 287
[   8 s] Started    288  /lustre/cosinga/hicc/hiptl/real_space/hiptl.py 288
[   8 s] Started    289  /lustre/cosinga/hicc/hiptl/real_space/hiptl.py 289
[   8 s] Started    290  /lustre/cosinga/hicc/hiptl/real_space/hiptl.py 290
[   8 s] Started    291  /lustre/cosinga/hicc/hiptl/real_space/hiptl.py 291
[   8 s] Started    292  /lustre/cosinga/hicc/hiptl/real_space/hiptl.py 292
[   8 s] Started    293  /lustre/cosinga/hicc/hiptl/real_space/hiptl.py 293
[   8 s] Started    294  /lustre/cosinga/hicc/hiptl/real_space/hiptl.py 294
[   8 s] Started    295  /lustre/cosinga/hicc/hiptl/real_space/hiptl.py 295
[   8 s] Started    296  /lustre/cosinga/hicc/hiptl/real_space/hiptl.py 296
[   8 s] Started    297  /lustre/cosinga/hicc/hiptl/real_space/hiptl.py 297
[   8 s] Started    298  /lustre/cosinga/hicc/hiptl/real_space/hiptl.py 298
[   8 s] Started    299  /lustre/cosinga/hicc/hiptl/real_space/hiptl.py 299
[   9 s] Completed  250  /lustre/cosinga/hicc/hiptl/real_space/hiptl.py 250
[   9 s] Completed  251  /lustre/cosinga/hicc/hiptl/real_space/hiptl.py 251
[   9 s] Completed  252  /lustre/cosinga/hicc/hiptl/real_space/hiptl.py 252
[   9 s] Completed  253  /lustre/cosinga/hicc/hiptl/real_space/hiptl.py 253
[   9 s] Completed  254  /lustre/cosinga/hicc/hiptl/real_space/hiptl.py 254
[   9 s] Completed  255  /lustre/cosinga/hicc/hiptl/real_space/hiptl.py 255
[   9 s] Completed  256  /lustre/cosinga/hicc/hiptl/real_space/hiptl.py 256
[   9 s] Completed  257  /lustre/cosinga/hicc/hiptl/real_space/hiptl.py 257
[   9 s] Completed  258  /lustre/cosinga/hicc/hiptl/real_space/hiptl.py 258
[   9 s] Completed  259  /lustre/cosinga/hicc/hiptl/real_space/hiptl.py 259
[   9 s] Completed  260  /lustre/cosinga/hicc/hiptl/real_space/hiptl.py 260
[   9 s] Completed  261  /lustre/cosinga/hicc/hiptl/real_space/hiptl.py 261
[   9 s] Completed  262  /lustre/cosinga/hicc/hiptl/real_space/hiptl.py 262
[   9 s] Completed  263  /lustre/cosinga/hicc/hiptl/real_space/hiptl.py 263
[   9 s] Completed  264  /lustre/cosinga/hicc/hiptl/real_space/hiptl.py 264
[   9 s] Completed  265  /lustre/cosinga/hicc/hiptl/real_space/hiptl.py 265
[   9 s] Completed  266  /lustre/cosinga/hicc/hiptl/real_space/hiptl.py 266
[   9 s] Completed  267  /lustre/cosinga/hicc/hiptl/real_space/hiptl.py 267
[   9 s] Completed  268  /lustre/cosinga/hicc/hiptl/real_space/hiptl.py 268
[   9 s] Completed  269  /lustre/cosinga/hicc/hiptl/real_space/hiptl.py 269
[   9 s] Completed  270  /lustre/cosinga/hicc/hiptl/real_space/hiptl.py 270
[   9 s] Completed  271  /lustre/cosinga/hicc/hiptl/real_space/hiptl.py 271
[   9 s] Completed  272  /lustre/cosinga/hicc/hiptl/real_space/hiptl.py 272
[   9 s] Completed  273  /lustre/cosinga/hicc/hiptl/real_space/hiptl.py 273
[   9 s] Completed  274  /lustre/cosinga/hicc/hiptl/real_space/hiptl.py 274
[   9 s] Completed  275  /lustre/cosinga/hicc/hiptl/real_space/hiptl.py 275
[   9 s] Completed  276  /lustre/cosinga/hicc/hiptl/real_space/hiptl.py 276
[   9 s] Completed  277  /lustre/cosinga/hicc/hiptl/real_space/hiptl.py 277
[   9 s] Completed  278  /lustre/cosinga/hicc/hiptl/real_space/hiptl.py 278
[   9 s] Completed  279  /lustre/cosinga/hicc/hiptl/real_space/hiptl.py 279
[   9 s] Completed  280  /lustre/cosinga/hicc/hiptl/real_space/hiptl.py 280
[   9 s] Completed  281  /lustre/cosinga/hicc/hiptl/real_space/hiptl.py 281
[   9 s] Completed  282  /lustre/cosinga/hicc/hiptl/real_space/hiptl.py 282
[   9 s] Completed  283  /lustre/cosinga/hicc/hiptl/real_space/hiptl.py 283
[   9 s] Completed  284  /lustre/cosinga/hicc/hiptl/real_space/hiptl.py 284
[   9 s] Completed  285  /lustre/cosinga/hicc/hiptl/real_space/hiptl.py 285
[   9 s] Completed  286  /lustre/cosinga/hicc/hiptl/real_space/hiptl.py 286
[   9 s] Completed  287  /lustre/cosinga/hicc/hiptl/real_space/hiptl.py 287
[   9 s] Completed  288  /lustre/cosinga/hicc/hiptl/real_space/hiptl.py 288
[   9 s] Completed  289  /lustre/cosinga/hicc/hiptl/real_space/hiptl.py 289
[   9 s] Completed  290  /lustre/cosinga/hicc/hiptl/real_space/hiptl.py 290
[   9 s] Completed  291  /lustre/cosinga/hicc/hiptl/real_space/hiptl.py 291
[   9 s] Completed  292  /lustre/cosinga/hicc/hiptl/real_space/hiptl.py 292
[   9 s] Completed  293  /lustre/cosinga/hicc/hiptl/real_space/hiptl.py 293
[   9 s] Completed  294  /lustre/cosinga/hicc/hiptl/real_space/hiptl.py 294
[   9 s] Completed  295  /lustre/cosinga/hicc/hiptl/real_space/hiptl.py 295
[   9 s] Completed  296  /lustre/cosinga/hicc/hiptl/real_space/hiptl.py 296
[   9 s] Completed  297  /lustre/cosinga/hicc/hiptl/real_space/hiptl.py 297
[   9 s] Completed  298  /lustre/cosinga/hicc/hiptl/real_space/hiptl.py 298
[   9 s] Completed  299  /lustre/cosinga/hicc/hiptl/real_space/hiptl.py 299
[   9 s] Started    300  /lustre/cosinga/hicc/hiptl/real_space/hiptl.py 300
[   9 s] Started    301  /lustre/cosinga/hicc/hiptl/real_space/hiptl.py 301
[   9 s] Started    302  /lustre/cosinga/hicc/hiptl/real_space/hiptl.py 302
[   9 s] Started    303  /lustre/cosinga/hicc/hiptl/real_space/hiptl.py 303
[   9 s] Started    304  /lustre/cosinga/hicc/hiptl/real_space/hiptl.py 304
[   9 s] Started    305  /lustre/cosinga/hicc/hiptl/real_space/hiptl.py 305
[   9 s] Started    306  /lustre/cosinga/hicc/hiptl/real_space/hiptl.py 306
[   9 s] Started    307  /lustre/cosinga/hicc/hiptl/real_space/hiptl.py 307
[   9 s] Started    308  /lustre/cosinga/hicc/hiptl/real_space/hiptl.py 308
[   9 s] Started    309  /lustre/cosinga/hicc/hiptl/real_space/hiptl.py 309
[   9 s] Started    310  /lustre/cosinga/hicc/hiptl/real_space/hiptl.py 310
[   9 s] Started    311  /lustre/cosinga/hicc/hiptl/real_space/hiptl.py 311
[   9 s] Started    312  /lustre/cosinga/hicc/hiptl/real_space/hiptl.py 312
[   9 s] Started    313  /lustre/cosinga/hicc/hiptl/real_space/hiptl.py 313
[   9 s] Started    314  /lustre/cosinga/hicc/hiptl/real_space/hiptl.py 314
[   9 s] Started    315  /lustre/cosinga/hicc/hiptl/real_space/hiptl.py 315
[   9 s] Started    316  /lustre/cosinga/hicc/hiptl/real_space/hiptl.py 316
[   9 s] Started    317  /lustre/cosinga/hicc/hiptl/real_space/hiptl.py 317
[   9 s] Started    318  /lustre/cosinga/hicc/hiptl/real_space/hiptl.py 318
[   9 s] Started    319  /lustre/cosinga/hicc/hiptl/real_space/hiptl.py 319
[   9 s] Started    320  /lustre/cosinga/hicc/hiptl/real_space/hiptl.py 320
[   9 s] Started    321  /lustre/cosinga/hicc/hiptl/real_space/hiptl.py 321
[   9 s] Started    322  /lustre/cosinga/hicc/hiptl/real_space/hiptl.py 322
[   9 s] Started    323  /lustre/cosinga/hicc/hiptl/real_space/hiptl.py 323
[   9 s] Started    324  /lustre/cosinga/hicc/hiptl/real_space/hiptl.py 324
[   9 s] Started    325  /lustre/cosinga/hicc/hiptl/real_space/hiptl.py 325
[   9 s] Started    326  /lustre/cosinga/hicc/hiptl/real_space/hiptl.py 326
[   9 s] Started    327  /lustre/cosinga/hicc/hiptl/real_space/hiptl.py 327
[   9 s] Started    328  /lustre/cosinga/hicc/hiptl/real_space/hiptl.py 328
[   9 s] Started    329  /lustre/cosinga/hicc/hiptl/real_space/hiptl.py 329
[   9 s] Started    330  /lustre/cosinga/hicc/hiptl/real_space/hiptl.py 330
[   9 s] Started    331  /lustre/cosinga/hicc/hiptl/real_space/hiptl.py 331
[   9 s] Started    332  /lustre/cosinga/hicc/hiptl/real_space/hiptl.py 332
[   9 s] Started    333  /lustre/cosinga/hicc/hiptl/real_space/hiptl.py 333
[   9 s] Started    334  /lustre/cosinga/hicc/hiptl/real_space/hiptl.py 334
[   9 s] Started    335  /lustre/cosinga/hicc/hiptl/real_space/hiptl.py 335
[   9 s] Started    336  /lustre/cosinga/hicc/hiptl/real_space/hiptl.py 336
[   9 s] Started    337  /lustre/cosinga/hicc/hiptl/real_space/hiptl.py 337
[   9 s] Started    338  /lustre/cosinga/hicc/hiptl/real_space/hiptl.py 338
[   9 s] Started    339  /lustre/cosinga/hicc/hiptl/real_space/hiptl.py 339
[   9 s] Started    340  /lustre/cosinga/hicc/hiptl/real_space/hiptl.py 340
[   9 s] Started    341  /lustre/cosinga/hicc/hiptl/real_space/hiptl.py 341
[   9 s] Started    342  /lustre/cosinga/hicc/hiptl/real_space/hiptl.py 342
[   9 s] Started    343  /lustre/cosinga/hicc/hiptl/real_space/hiptl.py 343
[   9 s] Started    344  /lustre/cosinga/hicc/hiptl/real_space/hiptl.py 344
[   9 s] Started    345  /lustre/cosinga/hicc/hiptl/real_space/hiptl.py 345
[   9 s] Started    346  /lustre/cosinga/hicc/hiptl/real_space/hiptl.py 346
[   9 s] Started    347  /lustre/cosinga/hicc/hiptl/real_space/hiptl.py 347
[   9 s] Started    348  /lustre/cosinga/hicc/hiptl/real_space/hiptl.py 348
[   9 s] Started    349  /lustre/cosinga/hicc/hiptl/real_space/hiptl.py 349
[  10 s] Completed  300  /lustre/cosinga/hicc/hiptl/real_space/hiptl.py 300
[  10 s] Completed  301  /lustre/cosinga/hicc/hiptl/real_space/hiptl.py 301
[  10 s] Completed  302  /lustre/cosinga/hicc/hiptl/real_space/hiptl.py 302
[  10 s] Completed  303  /lustre/cosinga/hicc/hiptl/real_space/hiptl.py 303
[  10 s] Completed  304  /lustre/cosinga/hicc/hiptl/real_space/hiptl.py 304
[  10 s] Completed  305  /lustre/cosinga/hicc/hiptl/real_space/hiptl.py 305
[  10 s] Completed  306  /lustre/cosinga/hicc/hiptl/real_space/hiptl.py 306
[  10 s] Completed  307  /lustre/cosinga/hicc/hiptl/real_space/hiptl.py 307
[  10 s] Completed  308  /lustre/cosinga/hicc/hiptl/real_space/hiptl.py 308
[  10 s] Completed  309  /lustre/cosinga/hicc/hiptl/real_space/hiptl.py 309
[  10 s] Completed  310  /lustre/cosinga/hicc/hiptl/real_space/hiptl.py 310
[  10 s] Completed  311  /lustre/cosinga/hicc/hiptl/real_space/hiptl.py 311
[  10 s] Completed  312  /lustre/cosinga/hicc/hiptl/real_space/hiptl.py 312
[  10 s] Completed  313  /lustre/cosinga/hicc/hiptl/real_space/hiptl.py 313
[  10 s] Completed  314  /lustre/cosinga/hicc/hiptl/real_space/hiptl.py 314
[  10 s] Completed  315  /lustre/cosinga/hicc/hiptl/real_space/hiptl.py 315
[  10 s] Completed  316  /lustre/cosinga/hicc/hiptl/real_space/hiptl.py 316
[  10 s] Completed  317  /lustre/cosinga/hicc/hiptl/real_space/hiptl.py 317
[  10 s] Completed  318  /lustre/cosinga/hicc/hiptl/real_space/hiptl.py 318
[  10 s] Completed  319  /lustre/cosinga/hicc/hiptl/real_space/hiptl.py 319
[  10 s] Completed  320  /lustre/cosinga/hicc/hiptl/real_space/hiptl.py 320
[  10 s] Completed  321  /lustre/cosinga/hicc/hiptl/real_space/hiptl.py 321
[  10 s] Completed  322  /lustre/cosinga/hicc/hiptl/real_space/hiptl.py 322
[  10 s] Completed  323  /lustre/cosinga/hicc/hiptl/real_space/hiptl.py 323
[  10 s] Completed  324  /lustre/cosinga/hicc/hiptl/real_space/hiptl.py 324
[  10 s] Completed  325  /lustre/cosinga/hicc/hiptl/real_space/hiptl.py 325
[  10 s] Completed  326  /lustre/cosinga/hicc/hiptl/real_space/hiptl.py 326
[  10 s] Completed  327  /lustre/cosinga/hicc/hiptl/real_space/hiptl.py 327
[  10 s] Completed  328  /lustre/cosinga/hicc/hiptl/real_space/hiptl.py 328
[  10 s] Completed  329  /lustre/cosinga/hicc/hiptl/real_space/hiptl.py 329
[  10 s] Completed  330  /lustre/cosinga/hicc/hiptl/real_space/hiptl.py 330
[  10 s] Completed  331  /lustre/cosinga/hicc/hiptl/real_space/hiptl.py 331
[  10 s] Completed  332  /lustre/cosinga/hicc/hiptl/real_space/hiptl.py 332
[  10 s] Completed  333  /lustre/cosinga/hicc/hiptl/real_space/hiptl.py 333
[  10 s] Completed  334  /lustre/cosinga/hicc/hiptl/real_space/hiptl.py 334
[  10 s] Completed  335  /lustre/cosinga/hicc/hiptl/real_space/hiptl.py 335
[  10 s] Completed  336  /lustre/cosinga/hicc/hiptl/real_space/hiptl.py 336
[  10 s] Completed  337  /lustre/cosinga/hicc/hiptl/real_space/hiptl.py 337
[  10 s] Completed  338  /lustre/cosinga/hicc/hiptl/real_space/hiptl.py 338
[  10 s] Completed  339  /lustre/cosinga/hicc/hiptl/real_space/hiptl.py 339
[  10 s] Completed  340  /lustre/cosinga/hicc/hiptl/real_space/hiptl.py 340
[  10 s] Completed  341  /lustre/cosinga/hicc/hiptl/real_space/hiptl.py 341
[  10 s] Completed  342  /lustre/cosinga/hicc/hiptl/real_space/hiptl.py 342
[  10 s] Completed  343  /lustre/cosinga/hicc/hiptl/real_space/hiptl.py 343
[  10 s] Completed  344  /lustre/cosinga/hicc/hiptl/real_space/hiptl.py 344
[  10 s] Completed  345  /lustre/cosinga/hicc/hiptl/real_space/hiptl.py 345
[  10 s] Completed  346  /lustre/cosinga/hicc/hiptl/real_space/hiptl.py 346
[  10 s] Completed  347  /lustre/cosinga/hicc/hiptl/real_space/hiptl.py 347
[  10 s] Completed  348  /lustre/cosinga/hicc/hiptl/real_space/hiptl.py 348
[  10 s] Completed  349  /lustre/cosinga/hicc/hiptl/real_space/hiptl.py 349
[  10 s] Started    350  /lustre/cosinga/hicc/hiptl/real_space/hiptl.py 350
[  10 s] Started    351  /lustre/cosinga/hicc/hiptl/real_space/hiptl.py 351
[  10 s] Started    352  /lustre/cosinga/hicc/hiptl/real_space/hiptl.py 352
[  10 s] Started    353  /lustre/cosinga/hicc/hiptl/real_space/hiptl.py 353
[  10 s] Started    354  /lustre/cosinga/hicc/hiptl/real_space/hiptl.py 354
[  10 s] Started    355  /lustre/cosinga/hicc/hiptl/real_space/hiptl.py 355
[  10 s] Started    356  /lustre/cosinga/hicc/hiptl/real_space/hiptl.py 356
[  10 s] Started    357  /lustre/cosinga/hicc/hiptl/real_space/hiptl.py 357
[  10 s] Started    358  /lustre/cosinga/hicc/hiptl/real_space/hiptl.py 358
[  10 s] Started    359  /lustre/cosinga/hicc/hiptl/real_space/hiptl.py 359
[  10 s] Started    360  /lustre/cosinga/hicc/hiptl/real_space/hiptl.py 360
[  10 s] Started    361  /lustre/cosinga/hicc/hiptl/real_space/hiptl.py 361
[  10 s] Started    362  /lustre/cosinga/hicc/hiptl/real_space/hiptl.py 362
[  10 s] Started    363  /lustre/cosinga/hicc/hiptl/real_space/hiptl.py 363
[  10 s] Started    364  /lustre/cosinga/hicc/hiptl/real_space/hiptl.py 364
[  10 s] Started    365  /lustre/cosinga/hicc/hiptl/real_space/hiptl.py 365
[  10 s] Started    366  /lustre/cosinga/hicc/hiptl/real_space/hiptl.py 366
[  10 s] Started    367  /lustre/cosinga/hicc/hiptl/real_space/hiptl.py 367
[  10 s] Started    368  /lustre/cosinga/hicc/hiptl/real_space/hiptl.py 368
[  10 s] Started    369  /lustre/cosinga/hicc/hiptl/real_space/hiptl.py 369
[  10 s] Started    370  /lustre/cosinga/hicc/hiptl/real_space/hiptl.py 370
[  11 s] Started    371  /lustre/cosinga/hicc/hiptl/real_space/hiptl.py 371
[  11 s] Started    372  /lustre/cosinga/hicc/hiptl/real_space/hiptl.py 372
[  11 s] Started    373  /lustre/cosinga/hicc/hiptl/real_space/hiptl.py 373
[  11 s] Started    374  /lustre/cosinga/hicc/hiptl/real_space/hiptl.py 374
[  11 s] Started    375  /lustre/cosinga/hicc/hiptl/real_space/hiptl.py 375
[  11 s] Started    376  /lustre/cosinga/hicc/hiptl/real_space/hiptl.py 376
[  11 s] Started    377  /lustre/cosinga/hicc/hiptl/real_space/hiptl.py 377
[  11 s] Started    378  /lustre/cosinga/hicc/hiptl/real_space/hiptl.py 378
[  11 s] Started    379  /lustre/cosinga/hicc/hiptl/real_space/hiptl.py 379
[  11 s] Started    380  /lustre/cosinga/hicc/hiptl/real_space/hiptl.py 380
[  11 s] Started    381  /lustre/cosinga/hicc/hiptl/real_space/hiptl.py 381
[  11 s] Started    382  /lustre/cosinga/hicc/hiptl/real_space/hiptl.py 382
[  11 s] Started    383  /lustre/cosinga/hicc/hiptl/real_space/hiptl.py 383
[  11 s] Started    384  /lustre/cosinga/hicc/hiptl/real_space/hiptl.py 384
[  11 s] Started    385  /lustre/cosinga/hicc/hiptl/real_space/hiptl.py 385
[  11 s] Started    386  /lustre/cosinga/hicc/hiptl/real_space/hiptl.py 386
[  11 s] Started    387  /lustre/cosinga/hicc/hiptl/real_space/hiptl.py 387
[  11 s] Started    388  /lustre/cosinga/hicc/hiptl/real_space/hiptl.py 388
[  11 s] Started    389  /lustre/cosinga/hicc/hiptl/real_space/hiptl.py 389
[  11 s] Started    390  /lustre/cosinga/hicc/hiptl/real_space/hiptl.py 390
[  11 s] Started    391  /lustre/cosinga/hicc/hiptl/real_space/hiptl.py 391
[  11 s] Started    392  /lustre/cosinga/hicc/hiptl/real_space/hiptl.py 392
[  11 s] Started    393  /lustre/cosinga/hicc/hiptl/real_space/hiptl.py 393
[  11 s] Started    394  /lustre/cosinga/hicc/hiptl/real_space/hiptl.py 394
[  11 s] Started    395  /lustre/cosinga/hicc/hiptl/real_space/hiptl.py 395
[  11 s] Started    396  /lustre/cosinga/hicc/hiptl/real_space/hiptl.py 396
[  11 s] Started    397  /lustre/cosinga/hicc/hiptl/real_space/hiptl.py 397
[  11 s] Started    398  /lustre/cosinga/hicc/hiptl/real_space/hiptl.py 398
[  11 s] Started    399  /lustre/cosinga/hicc/hiptl/real_space/hiptl.py 399
[  12 s] Completed  350  /lustre/cosinga/hicc/hiptl/real_space/hiptl.py 350
[  12 s] Completed  351  /lustre/cosinga/hicc/hiptl/real_space/hiptl.py 351
[  12 s] Completed  352  /lustre/cosinga/hicc/hiptl/real_space/hiptl.py 352
[  12 s] Completed  353  /lustre/cosinga/hicc/hiptl/real_space/hiptl.py 353
[  12 s] Completed  354  /lustre/cosinga/hicc/hiptl/real_space/hiptl.py 354
[  12 s] Completed  355  /lustre/cosinga/hicc/hiptl/real_space/hiptl.py 355
[  12 s] Completed  356  /lustre/cosinga/hicc/hiptl/real_space/hiptl.py 356
[  12 s] Completed  357  /lustre/cosinga/hicc/hiptl/real_space/hiptl.py 357
[  12 s] Completed  358  /lustre/cosinga/hicc/hiptl/real_space/hiptl.py 358
[  12 s] Completed  359  /lustre/cosinga/hicc/hiptl/real_space/hiptl.py 359
[  12 s] Completed  360  /lustre/cosinga/hicc/hiptl/real_space/hiptl.py 360
[  12 s] Completed  361  /lustre/cosinga/hicc/hiptl/real_space/hiptl.py 361
[  12 s] Completed  362  /lustre/cosinga/hicc/hiptl/real_space/hiptl.py 362
[  12 s] Completed  363  /lustre/cosinga/hicc/hiptl/real_space/hiptl.py 363
[  12 s] Completed  364  /lustre/cosinga/hicc/hiptl/real_space/hiptl.py 364
[  12 s] Completed  365  /lustre/cosinga/hicc/hiptl/real_space/hiptl.py 365
[  12 s] Completed  366  /lustre/cosinga/hicc/hiptl/real_space/hiptl.py 366
[  12 s] Completed  367  /lustre/cosinga/hicc/hiptl/real_space/hiptl.py 367
[  12 s] Completed  368  /lustre/cosinga/hicc/hiptl/real_space/hiptl.py 368
[  12 s] Completed  369  /lustre/cosinga/hicc/hiptl/real_space/hiptl.py 369
[  12 s] Completed  370  /lustre/cosinga/hicc/hiptl/real_space/hiptl.py 370
[  12 s] Completed  371  /lustre/cosinga/hicc/hiptl/real_space/hiptl.py 371
[  12 s] Completed  372  /lustre/cosinga/hicc/hiptl/real_space/hiptl.py 372
[  12 s] Completed  373  /lustre/cosinga/hicc/hiptl/real_space/hiptl.py 373
[  12 s] Completed  374  /lustre/cosinga/hicc/hiptl/real_space/hiptl.py 374
[  12 s] Completed  375  /lustre/cosinga/hicc/hiptl/real_space/hiptl.py 375
[  12 s] Completed  376  /lustre/cosinga/hicc/hiptl/real_space/hiptl.py 376
[  12 s] Completed  377  /lustre/cosinga/hicc/hiptl/real_space/hiptl.py 377
[  12 s] Completed  378  /lustre/cosinga/hicc/hiptl/real_space/hiptl.py 378
[  12 s] Completed  379  /lustre/cosinga/hicc/hiptl/real_space/hiptl.py 379
[  12 s] Completed  380  /lustre/cosinga/hicc/hiptl/real_space/hiptl.py 380
[  12 s] Completed  381  /lustre/cosinga/hicc/hiptl/real_space/hiptl.py 381
[  12 s] Completed  382  /lustre/cosinga/hicc/hiptl/real_space/hiptl.py 382
[  12 s] Completed  383  /lustre/cosinga/hicc/hiptl/real_space/hiptl.py 383
[  12 s] Completed  384  /lustre/cosinga/hicc/hiptl/real_space/hiptl.py 384
[  12 s] Completed  385  /lustre/cosinga/hicc/hiptl/real_space/hiptl.py 385
[  12 s] Completed  386  /lustre/cosinga/hicc/hiptl/real_space/hiptl.py 386
[  12 s] Completed  387  /lustre/cosinga/hicc/hiptl/real_space/hiptl.py 387
[  12 s] Completed  388  /lustre/cosinga/hicc/hiptl/real_space/hiptl.py 388
[  12 s] Completed  389  /lustre/cosinga/hicc/hiptl/real_space/hiptl.py 389
[  12 s] Completed  390  /lustre/cosinga/hicc/hiptl/real_space/hiptl.py 390
[  12 s] Completed  391  /lustre/cosinga/hicc/hiptl/real_space/hiptl.py 391
[  12 s] Completed  392  /lustre/cosinga/hicc/hiptl/real_space/hiptl.py 392
[  12 s] Completed  393  /lustre/cosinga/hicc/hiptl/real_space/hiptl.py 393
[  12 s] Completed  394  /lustre/cosinga/hicc/hiptl/real_space/hiptl.py 394
[  12 s] Completed  395  /lustre/cosinga/hicc/hiptl/real_space/hiptl.py 395
[  12 s] Completed  396  /lustre/cosinga/hicc/hiptl/real_space/hiptl.py 396
[  12 s] Completed  397  /lustre/cosinga/hicc/hiptl/real_space/hiptl.py 397
[  12 s] Completed  398  /lustre/cosinga/hicc/hiptl/real_space/hiptl.py 398
[  12 s] Completed  399  /lustre/cosinga/hicc/hiptl/real_space/hiptl.py 399
[  12 s] Started    400  /lustre/cosinga/hicc/hiptl/real_space/hiptl.py 400
[  12 s] Started    401  /lustre/cosinga/hicc/hiptl/real_space/hiptl.py 401
[  12 s] Started    402  /lustre/cosinga/hicc/hiptl/real_space/hiptl.py 402
[  12 s] Started    403  /lustre/cosinga/hicc/hiptl/real_space/hiptl.py 403
[  12 s] Started    404  /lustre/cosinga/hicc/hiptl/real_space/hiptl.py 404
[  12 s] Started    405  /lustre/cosinga/hicc/hiptl/real_space/hiptl.py 405
[  12 s] Started    406  /lustre/cosinga/hicc/hiptl/real_space/hiptl.py 406
[  12 s] Started    407  /lustre/cosinga/hicc/hiptl/real_space/hiptl.py 407
[  12 s] Started    408  /lustre/cosinga/hicc/hiptl/real_space/hiptl.py 408
[  12 s] Started    409  /lustre/cosinga/hicc/hiptl/real_space/hiptl.py 409
[  12 s] Started    410  /lustre/cosinga/hicc/hiptl/real_space/hiptl.py 410
[  12 s] Started    411  /lustre/cosinga/hicc/hiptl/real_space/hiptl.py 411
[  12 s] Started    412  /lustre/cosinga/hicc/hiptl/real_space/hiptl.py 412
[  12 s] Started    413  /lustre/cosinga/hicc/hiptl/real_space/hiptl.py 413
[  12 s] Started    414  /lustre/cosinga/hicc/hiptl/real_space/hiptl.py 414
[  12 s] Started    415  /lustre/cosinga/hicc/hiptl/real_space/hiptl.py 415
[  12 s] Started    416  /lustre/cosinga/hicc/hiptl/real_space/hiptl.py 416
[  12 s] Started    417  /lustre/cosinga/hicc/hiptl/real_space/hiptl.py 417
[  12 s] Started    418  /lustre/cosinga/hicc/hiptl/real_space/hiptl.py 418
[  12 s] Started    419  /lustre/cosinga/hicc/hiptl/real_space/hiptl.py 419
[  12 s] Started    420  /lustre/cosinga/hicc/hiptl/real_space/hiptl.py 420
[  12 s] Started    421  /lustre/cosinga/hicc/hiptl/real_space/hiptl.py 421
[  12 s] Started    422  /lustre/cosinga/hicc/hiptl/real_space/hiptl.py 422
[  12 s] Started    423  /lustre/cosinga/hicc/hiptl/real_space/hiptl.py 423
[  12 s] Started    424  /lustre/cosinga/hicc/hiptl/real_space/hiptl.py 424
[  12 s] Started    425  /lustre/cosinga/hicc/hiptl/real_space/hiptl.py 425
[  12 s] Started    426  /lustre/cosinga/hicc/hiptl/real_space/hiptl.py 426
[  12 s] Started    427  /lustre/cosinga/hicc/hiptl/real_space/hiptl.py 427
[  12 s] Started    428  /lustre/cosinga/hicc/hiptl/real_space/hiptl.py 428
[  12 s] Started    429  /lustre/cosinga/hicc/hiptl/real_space/hiptl.py 429
[  12 s] Started    430  /lustre/cosinga/hicc/hiptl/real_space/hiptl.py 430
[  12 s] Started    431  /lustre/cosinga/hicc/hiptl/real_space/hiptl.py 431
[  12 s] Started    432  /lustre/cosinga/hicc/hiptl/real_space/hiptl.py 432
[  12 s] Started    433  /lustre/cosinga/hicc/hiptl/real_space/hiptl.py 433
[  12 s] Started    434  /lustre/cosinga/hicc/hiptl/real_space/hiptl.py 434
[  12 s] Started    435  /lustre/cosinga/hicc/hiptl/real_space/hiptl.py 435
[  12 s] Started    436  /lustre/cosinga/hicc/hiptl/real_space/hiptl.py 436
[  12 s] Started    437  /lustre/cosinga/hicc/hiptl/real_space/hiptl.py 437
[  12 s] Started    438  /lustre/cosinga/hicc/hiptl/real_space/hiptl.py 438
[  12 s] Started    439  /lustre/cosinga/hicc/hiptl/real_space/hiptl.py 439
[  12 s] Started    440  /lustre/cosinga/hicc/hiptl/real_space/hiptl.py 440
[  12 s] Started    441  /lustre/cosinga/hicc/hiptl/real_space/hiptl.py 441
[  12 s] Started    442  /lustre/cosinga/hicc/hiptl/real_space/hiptl.py 442
[  12 s] Started    443  /lustre/cosinga/hicc/hiptl/real_space/hiptl.py 443
[  12 s] Started    444  /lustre/cosinga/hicc/hiptl/real_space/hiptl.py 444
[  12 s] Started    445  /lustre/cosinga/hicc/hiptl/real_space/hiptl.py 445
[  12 s] Started    446  /lustre/cosinga/hicc/hiptl/real_space/hiptl.py 446
[  12 s] Started    447  /lustre/cosinga/hicc/hiptl/real_space/hiptl.py 447
[  13 s] Completed  400  /lustre/cosinga/hicc/hiptl/real_space/hiptl.py 400
[  13 s] Completed  401  /lustre/cosinga/hicc/hiptl/real_space/hiptl.py 401
[  13 s] Completed  402  /lustre/cosinga/hicc/hiptl/real_space/hiptl.py 402
[  13 s] Completed  403  /lustre/cosinga/hicc/hiptl/real_space/hiptl.py 403
[  13 s] Completed  404  /lustre/cosinga/hicc/hiptl/real_space/hiptl.py 404
[  13 s] Completed  405  /lustre/cosinga/hicc/hiptl/real_space/hiptl.py 405
[  13 s] Completed  406  /lustre/cosinga/hicc/hiptl/real_space/hiptl.py 406
[  13 s] Completed  407  /lustre/cosinga/hicc/hiptl/real_space/hiptl.py 407
[  13 s] Completed  408  /lustre/cosinga/hicc/hiptl/real_space/hiptl.py 408
[  13 s] Completed  409  /lustre/cosinga/hicc/hiptl/real_space/hiptl.py 409
[  13 s] Completed  410  /lustre/cosinga/hicc/hiptl/real_space/hiptl.py 410
[  13 s] Completed  411  /lustre/cosinga/hicc/hiptl/real_space/hiptl.py 411
[  13 s] Completed  412  /lustre/cosinga/hicc/hiptl/real_space/hiptl.py 412
[  13 s] Completed  413  /lustre/cosinga/hicc/hiptl/real_space/hiptl.py 413
[  13 s] Completed  414  /lustre/cosinga/hicc/hiptl/real_space/hiptl.py 414
[  13 s] Completed  415  /lustre/cosinga/hicc/hiptl/real_space/hiptl.py 415
[  13 s] Completed  416  /lustre/cosinga/hicc/hiptl/real_space/hiptl.py 416
[  13 s] Completed  417  /lustre/cosinga/hicc/hiptl/real_space/hiptl.py 417
[  13 s] Completed  418  /lustre/cosinga/hicc/hiptl/real_space/hiptl.py 418
[  13 s] Completed  419  /lustre/cosinga/hicc/hiptl/real_space/hiptl.py 419
[  13 s] Completed  420  /lustre/cosinga/hicc/hiptl/real_space/hiptl.py 420
[  13 s] Completed  421  /lustre/cosinga/hicc/hiptl/real_space/hiptl.py 421
[  13 s] Completed  422  /lustre/cosinga/hicc/hiptl/real_space/hiptl.py 422
[  13 s] Completed  423  /lustre/cosinga/hicc/hiptl/real_space/hiptl.py 423
[  13 s] Completed  424  /lustre/cosinga/hicc/hiptl/real_space/hiptl.py 424
[  13 s] Completed  425  /lustre/cosinga/hicc/hiptl/real_space/hiptl.py 425
[  13 s] Completed  426  /lustre/cosinga/hicc/hiptl/real_space/hiptl.py 426
[  13 s] Completed  427  /lustre/cosinga/hicc/hiptl/real_space/hiptl.py 427
[  13 s] Completed  428  /lustre/cosinga/hicc/hiptl/real_space/hiptl.py 428
[  13 s] Completed  429  /lustre/cosinga/hicc/hiptl/real_space/hiptl.py 429
[  13 s] Completed  430  /lustre/cosinga/hicc/hiptl/real_space/hiptl.py 430
[  13 s] Completed  431  /lustre/cosinga/hicc/hiptl/real_space/hiptl.py 431
[  13 s] Completed  432  /lustre/cosinga/hicc/hiptl/real_space/hiptl.py 432
[  13 s] Completed  433  /lustre/cosinga/hicc/hiptl/real_space/hiptl.py 433
[  13 s] Completed  434  /lustre/cosinga/hicc/hiptl/real_space/hiptl.py 434
[  13 s] Completed  435  /lustre/cosinga/hicc/hiptl/real_space/hiptl.py 435
[  13 s] Completed  436  /lustre/cosinga/hicc/hiptl/real_space/hiptl.py 436
[  13 s] Completed  437  /lustre/cosinga/hicc/hiptl/real_space/hiptl.py 437
[  13 s] Completed  438  /lustre/cosinga/hicc/hiptl/real_space/hiptl.py 438
[  13 s] Completed  439  /lustre/cosinga/hicc/hiptl/real_space/hiptl.py 439
[  13 s] Completed  440  /lustre/cosinga/hicc/hiptl/real_space/hiptl.py 440
[  13 s] Completed  441  /lustre/cosinga/hicc/hiptl/real_space/hiptl.py 441
[  13 s] Completed  442  /lustre/cosinga/hicc/hiptl/real_space/hiptl.py 442
[  13 s] Completed  443  /lustre/cosinga/hicc/hiptl/real_space/hiptl.py 443
[  13 s] Completed  444  /lustre/cosinga/hicc/hiptl/real_space/hiptl.py 444
[  13 s] Completed  445  /lustre/cosinga/hicc/hiptl/real_space/hiptl.py 445
[  13 s] Completed  446  /lustre/cosinga/hicc/hiptl/real_space/hiptl.py 446
[  13 s] Completed  447  /lustre/cosinga/hicc/hiptl/real_space/hiptl.py 447
--------------------------------------------------------------
Finished.
--------------------------------------------------------------
